19:50:18:294 (00012836) > [Startup] Marvel's Spider-Man: Miles Morales
19:50:18:294 (00012836) > [Startup] ==============
19:50:18:294 (00012836) > [Startup] 
19:50:18:294 (00012836) > [Startup] Build: v4.630.0.0
19:50:18:294 (00012836) > [Startup] Windows 11.0 (build 26200)
19:50:18:294 (00012836) > [Startup] Distribution platform: Steam
19:50:18:294 (00012836) > [Startup] Game directory: C:\Users\<username>\OneDrive\Documents\Marvel's Spider-Man Miles Morales\
19:50:18:294 (00012836) > [Startup] Working directory: C:\Program Files (x86)\Steam\steamapps\common\Marvel's Spider-Man Miles Morales
19:50:18:294 (00012836) > [Startup] Run ID: 8CC0-7AA8-5B3C-01DB
19:50:18:294 (00012836) > [Startup] CRS Client ID: 71eea1c2-2cba-4e57-9067-5007cf4a2e89
19:50:18:294 (00012836) > [Startup] CRS Session ID: 1803d696-9208-45be-9768-df0346201085
19:50:18:294 (00012836) > [Startup] 
19:50:18:294 (00012836) > [Startup] Memory statistics:
19:50:18:294 (00012836) > [Startup]   Total RAM = 15.9 GB (16251 MB)
19:50:18:294 (00012836) > [Startup]   Avail RAM = 10.3 GB (10575 MB)
19:50:18:294 (00012836) > [Startup]   Total virtual memory = 131072.0 GB (134217727 MB)
19:50:18:294 (00012836) > [Startup]   Avail virtual memory = 131062.4 GB (134207945 MB)
19:50:18:294 (00012836) > [Startup]   Total page file = 20.4 GB (20859 MB)
19:50:18:294 (00012836) > [Startup]   Avail page file = 11.1 GB (11383 MB)
19:50:18:294 (00012836) > [Startup] 
19:50:18:294 (00012836) > [Startup] RAM info:
19:50:18:294 (00012836) > [Startup]   Part:  KF432C16FBBA/8
19:50:18:294 (00012836) > [Startup]   Size:    8.0 GB (  8192 MB)
19:50:18:294 (00012836) > [Startup]   Speed: 3200 MHz
19:50:18:294 (00012836) > [Startup] 
19:50:18:294 (00012836) > [Startup]   Part:  KF432C16BB/8-SP     
19:50:18:294 (00012836) > [Startup]   Size:    8.0 GB (  8192 MB)
19:50:18:294 (00012836) > [Startup]   Speed: 3200 MHz
19:50:18:294 (00012836) > [Startup] 
19:50:18:294 (00012836) > [Startup] 
19:50:18:294 (00012836) > [NxApp] PreInit
19:50:18:294 (00012836) > [SwapChain] Initializing...
19:50:18:294 (00012836) > [DXGI] Initializing...
19:50:33:498 (00012836) > [NxApp] Streamline was successfully initialized.
19:50:33:500 (00012836) > [DXGI] Successfully initialized.
19:50:33:500 (00012836) > [Render] Enumerating adapters:
19:50:33:501 (00012836) > [Render] 	Adapter 0:
19:50:33:501 (00012836) > [Monitor] 		Description             : Radeon RX 570 Series
19:50:33:501 (00012836) > [Monitor] 		Vendor                  : AMD (1002)
19:50:33:501 (00012836) > [Monitor] 		Device                  : 67df
19:50:33:501 (00012836) > [Monitor] 		Sub system              : b311002
19:50:33:501 (00012836) > [Monitor] 		Revision                : 239
19:50:33:501 (00012836) > [Monitor] 		Dedicated Video Memory  : 8135 MB
19:50:33:501 (00012836) > [Monitor] 		Dedicated System Memory : 0000 MB
19:50:33:501 (00012836) > [Monitor] 		Shared System Memory    : 8125 MB
19:50:33:501 (00012836) > [Monitor] 
19:50:33:501 (00012836) > [Render] Loading ADL...
19:50:33:864 (00012836) > [Render] AGS init succeeded
19:50:33:864 (00012836) > [Render] AGS Radeon Software Version: 26.1.1
19:50:33:864 (00012836) > [Render] Done loading ADL and AGS
19:50:33:865 (00012836) > [Render] 	Adapter 1:
19:50:33:865 (00012836) > [Monitor] 		Description             : Microsoft Basic Render Driver
19:50:33:865 (00012836) > [Monitor] 		Vendor                  : Unknown (1414)
19:50:33:865 (00012836) > [Monitor] 		Device                  : 8c
19:50:33:865 (00012836) > [Monitor] 		Sub system              : 0
19:50:33:865 (00012836) > [Monitor] 		Revision                : 0
19:50:33:865 (00012836) > [Monitor] 		Dedicated Video Memory  : 0000 MB
19:50:33:865 (00012836) > [Monitor] 		Dedicated System Memory : 0000 MB
19:50:33:865 (00012836) > [Monitor] 		Shared System Memory    : 8125 MB
19:50:33:865 (00012836) > [Monitor] 
19:50:33:865 (00012836) > [Render] Enumerating monitors:
19:50:33:866 (00012836) > [Render] 	Monitor 0: handle = 0000000000010001, aspect = 1.78, rounded aspect = 1.78
19:50:33:866 (00012836) > [Render] 
19:50:33:866 (00012836) > [Render] 	Monitor handle = 0000000000010001, pixel aspect ratio = 1.00
19:50:33:866 (00012836) > [SwapChain] Successfully initialized.
19:50:33:866 (00012836) > [Render] Enumerating Display Modes:
19:50:33:868 (00012836) > [Render] Querying ADL for Eyefinity modes
19:50:33:953 (00012836) > [Render] 	Monitor '1 (Radeon RX 570 Series(1))' (0000000000010001):
19:50:33:953 (00012836) > [Render] 		- Mode  0 :  800 x  600 @  56 Hz, stereo = 0, hdr = 0
19:50:33:953 (00012836) > [Render] 		- Mode  1 :  800 x  600 @  60 Hz, stereo = 0, hdr = 0
19:50:33:953 (00012836) > [Render] 		- Mode  2 :  800 x  600 @  72 Hz, stereo = 0, hdr = 0
19:50:33:953 (00012836) > [Render] 		- Mode  3 :  800 x  600 @  75 Hz, stereo = 0, hdr = 0
19:50:33:953 (00012836) > [Render] 		- Mode  4 :  800 x  600 @ 100 Hz, stereo = 0, hdr = 0
19:50:33:953 (00012836) > [Render] 		- Mode  5 :  800 x  600 @ 120 Hz, stereo = 0, hdr = 0
19:50:33:953 (00012836) > [Render] 		- Mode  6 :  800 x  600 @ 180 Hz, stereo = 0, hdr = 0
19:50:33:953 (00012836) > [Render] 		- Mode  7 :  800 x  600 @ 180 Hz, stereo = 0, hdr = 0
19:50:33:953 (00012836) > [Render] 		- Mode  8 :  800 x  600 @ 120 Hz, stereo = 0, hdr = 0
19:50:33:953 (00012836) > [Render] 		- Mode  9 :  800 x  600 @ 120 Hz, stereo = 0, hdr = 0
19:50:33:953 (00012836) > [Render] 		- Mode 10 :  832 x  624 @  75 Hz, stereo = 0, hdr = 0
19:50:33:953 (00012836) > [Render] 		- Mode 11 :  832 x  624 @ 180 Hz, stereo = 0, hdr = 0
19:50:33:953 (00012836) > [Render] 		- Mode 12 :  832 x  624 @ 180 Hz, stereo = 0, hdr = 0
19:50:33:953 (00012836) > [Render] 		- Mode 13 :  832 x  624 @  60 Hz, stereo = 0, hdr = 0
19:50:33:953 (00012836) > [Render] 		- Mode 14 :  832 x  624 @  60 Hz, stereo = 0, hdr = 0
19:50:33:953 (00012836) > [Render] 		- Mode 15 :  832 x  624 @ 120 Hz, stereo = 0, hdr = 0
19:50:33:953 (00012836) > [Render] 		- Mode 16 :  832 x  624 @ 120 Hz, stereo = 0, hdr = 0
19:50:33:953 (00012836) > [Render] 		- Mode 17 : 1024 x  768 @  60 Hz, stereo = 0, hdr = 0
19:50:33:953 (00012836) > [Render] 		- Mode 18 : 1024 x  768 @  70 Hz, stereo = 0, hdr = 0
19:50:33:953 (00012836) > [Render] 		- Mode 19 : 1024 x  768 @  75 Hz, stereo = 0, hdr = 0
19:50:33:953 (00012836) > [Render] 		- Mode 20 : 1024 x  768 @ 100 Hz, stereo = 0, hdr = 0
19:50:33:953 (00012836) > [Render] 		- Mode 21 : 1024 x  768 @ 120 Hz, stereo = 0, hdr = 0
19:50:33:953 (00012836) > [Render] 		- Mode 22 : 1024 x  768 @ 180 Hz, stereo = 0, hdr = 0
19:50:33:953 (00012836) > [Render] 		- Mode 23 : 1024 x  768 @ 180 Hz, stereo = 0, hdr = 0
19:50:33:953 (00012836) > [Render] 		- Mode 24 : 1024 x  768 @ 120 Hz, stereo = 0, hdr = 0
19:50:33:953 (00012836) > [Render] 		- Mode 25 : 1024 x  768 @ 120 Hz, stereo = 0, hdr = 0
19:50:33:953 (00012836) > [Render] 		- Mode 26 : 1128 x  634 @  50 Hz, stereo = 0, hdr = 0
19:50:33:953 (00012836) > [Render] 		- Mode 27 : 1128 x  634 @  50 Hz, stereo = 0, hdr = 0
19:50:33:953 (00012836) > [Render] 		- Mode 28 : 1128 x  634 @  60 Hz, stereo = 0, hdr = 0
19:50:33:953 (00012836) > [Render] 		- Mode 29 : 1128 x  634 @  60 Hz, stereo = 0, hdr = 0
19:50:33:953 (00012836) > [Render] 		- Mode 30 : 1128 x  634 @ 180 Hz, stereo = 0, hdr = 0
19:50:33:953 (00012836) > [Render] 		- Mode 31 : 1128 x  634 @ 180 Hz, stereo = 0, hdr = 0
19:50:33:953 (00012836) > [Render] 		- Mode 32 : 1128 x  634 @  60 Hz, stereo = 0, hdr = 0
19:50:33:953 (00012836) > [Render] 		- Mode 33 : 1128 x  634 @  60 Hz, stereo = 0, hdr = 0
19:50:33:953 (00012836) > [Render] 		- Mode 34 : 1128 x  634 @ 120 Hz, stereo = 0, hdr = 0
19:50:33:953 (00012836) > [Render] 		- Mode 35 : 1128 x  634 @ 120 Hz, stereo = 0, hdr = 0
19:50:33:953 (00012836) > [Render] 		- Mode 36 : 1280 x  720 @  50 Hz, stereo = 0, hdr = 0
19:50:33:953 (00012836) > [Render] 		- Mode 37 : 1280 x  720 @  60 Hz, stereo = 0, hdr = 0
19:50:33:953 (00012836) > [Render] 		- Mode 38 : 1280 x  720 @ 180 Hz, stereo = 0, hdr = 0
19:50:33:953 (00012836) > [Render] 		- Mode 39 : 1280 x  720 @ 180 Hz, stereo = 0, hdr = 0
19:50:33:953 (00012836) > [Render] 		- Mode 40 : 1280 x  720 @  60 Hz, stereo = 0, hdr = 0
19:50:33:953 (00012836) > [Render] 		- Mode 41 : 1280 x  720 @ 120 Hz, stereo = 0, hdr = 0
19:50:33:953 (00012836) > [Render] 		- Mode 42 : 1280 x  720 @ 120 Hz, stereo = 0, hdr = 0
19:50:33:953 (00012836) > [Render] 		- Mode 43 : 1280 x 1024 @  60 Hz, stereo = 0, hdr = 0
19:50:33:953 (00012836) > [Render] 		- Mode 44 : 1280 x 1024 @  75 Hz, stereo = 0, hdr = 0
19:50:33:953 (00012836) > [Render] 		- Mode 45 : 1280 x 1024 @ 180 Hz, stereo = 0, hdr = 0
19:50:33:953 (00012836) > [Render] 		- Mode 46 : 1280 x 1024 @ 180 Hz, stereo = 0, hdr = 0
19:50:33:953 (00012836) > [Render] 		- Mode 47 : 1280 x 1024 @ 120 Hz, stereo = 0, hdr = 0
19:50:33:953 (00012836) > [Render] 		- Mode 48 : 1280 x 1024 @ 120 Hz, stereo = 0, hdr = 0
19:50:33:953 (00012836) > [Render] 		- Mode 49 : 1366 x  768 @  50 Hz, stereo = 0, hdr = 0
19:50:33:953 (00012836) > [Render] 		- Mode 50 : 1366 x  768 @  50 Hz, stereo = 0, hdr = 0
19:50:33:953 (00012836) > [Render] 		- Mode 51 : 1366 x  768 @  60 Hz, stereo = 0, hdr = 0
19:50:33:953 (00012836) > [Render] 		- Mode 52 : 1366 x  768 @  60 Hz, stereo = 0, hdr = 0
19:50:33:953 (00012836) > [Render] 		- Mode 53 : 1366 x  768 @ 120 Hz, stereo = 0, hdr = 0
19:50:33:954 (00012836) > [Render] 		- Mode 54 : 1366 x  768 @ 120 Hz, stereo = 0, hdr = 0
19:50:33:954 (00012836) > [Render] 		- Mode 55 : 1366 x  768 @ 180 Hz, stereo = 0, hdr = 0
19:50:33:954 (00012836) > [Render] 		- Mode 56 : 1366 x  768 @ 180 Hz, stereo = 0, hdr = 0
19:50:33:954 (00012836) > [Render] 		- Mode 57 : 1366 x  768 @  60 Hz, stereo = 0, hdr = 0
19:50:33:954 (00012836) > [Render] 		- Mode 58 : 1366 x  768 @  60 Hz, stereo = 0, hdr = 0
19:50:33:954 (00012836) > [Render] 		- Mode 59 : 1366 x  768 @ 120 Hz, stereo = 0, hdr = 0
19:50:33:954 (00012836) > [Render] 		- Mode 60 : 1366 x  768 @ 120 Hz, stereo = 0, hdr = 0
19:50:33:954 (00012836) > [Render] 		- Mode 61 : 1600 x  900 @  50 Hz, stereo = 0, hdr = 0
19:50:33:954 (00012836) > [Render] 		- Mode 62 : 1600 x  900 @  50 Hz, stereo = 0, hdr = 0
19:50:33:954 (00012836) > [Render] 		- Mode 63 : 1600 x  900 @  60 Hz, stereo = 0, hdr = 0
19:50:33:954 (00012836) > [Render] 		- Mode 64 : 1600 x  900 @  60 Hz, stereo = 0, hdr = 0
19:50:33:954 (00012836) > [Render] 		- Mode 65 : 1600 x  900 @ 120 Hz, stereo = 0, hdr = 0
19:50:33:954 (00012836) > [Render] 		- Mode 66 : 1600 x  900 @ 120 Hz, stereo = 0, hdr = 0
19:50:33:954 (00012836) > [Render] 		- Mode 67 : 1600 x  900 @ 180 Hz, stereo = 0, hdr = 0
19:50:33:954 (00012836) > [Render] 		- Mode 68 : 1600 x  900 @ 180 Hz, stereo = 0, hdr = 0
19:50:33:954 (00012836) > [Render] 		- Mode 69 : 1600 x  900 @  60 Hz, stereo = 0, hdr = 0
19:50:33:954 (00012836) > [Render] 		- Mode 70 : 1600 x  900 @  60 Hz, stereo = 0, hdr = 0
19:50:33:954 (00012836) > [Render] 		- Mode 71 : 1600 x  900 @ 120 Hz, stereo = 0, hdr = 0
19:50:33:954 (00012836) > [Render] 		- Mode 72 : 1600 x  900 @ 120 Hz, stereo = 0, hdr = 0
19:50:33:954 (00012836) > [Render] 		- Mode 73 : 1600 x 1200 @  24 Hz, stereo = 0, hdr = 0
19:50:33:954 (00012836) > [Render] 		- Mode 74 : 1600 x 1200 @  24 Hz, stereo = 0, hdr = 0
19:50:33:954 (00012836) > [Render] 		- Mode 75 : 1600 x 1200 @  25 Hz, stereo = 0, hdr = 0
19:50:33:954 (00012836) > [Render] 		- Mode 76 : 1600 x 1200 @  25 Hz, stereo = 0, hdr = 0
19:50:33:954 (00012836) > [Render] 		- Mode 77 : 1600 x 1200 @  30 Hz, stereo = 0, hdr = 0
19:50:33:954 (00012836) > [Render] 		- Mode 78 : 1600 x 1200 @  30 Hz, stereo = 0, hdr = 0
19:50:33:954 (00012836) > [Render] 		- Mode 79 : 1600 x 1200 @  24 Hz, stereo = 0, hdr = 0
19:50:33:954 (00012836) > [Render] 		- Mode 80 : 1600 x 1200 @  24 Hz, stereo = 0, hdr = 0
19:50:33:954 (00012836) > [Render] 		- Mode 81 : 1600 x 1200 @  30 Hz, stereo = 0, hdr = 0
19:50:33:954 (00012836) > [Render] 		- Mode 82 : 1600 x 1200 @  30 Hz, stereo = 0, hdr = 0
19:50:33:954 (00012836) > [Render] 		- Mode 83 : 1680 x 1050 @  50 Hz, stereo = 0, hdr = 0
19:50:33:954 (00012836) > [Render] 		- Mode 84 : 1680 x 1050 @  50 Hz, stereo = 0, hdr = 0
19:50:33:954 (00012836) > [Render] 		- Mode 85 : 1680 x 1050 @  60 Hz, stereo = 0, hdr = 0
19:50:33:954 (00012836) > [Render] 		- Mode 86 : 1680 x 1050 @  60 Hz, stereo = 0, hdr = 0
19:50:33:954 (00012836) > [Render] 		- Mode 87 : 1680 x 1050 @ 120 Hz, stereo = 0, hdr = 0
19:50:33:954 (00012836) > [Render] 		- Mode 88 : 1680 x 1050 @ 120 Hz, stereo = 0, hdr = 0
19:50:33:954 (00012836) > [Render] 		- Mode 89 : 1680 x 1050 @ 180 Hz, stereo = 0, hdr = 0
19:50:33:954 (00012836) > [Render] 		- Mode 90 : 1680 x 1050 @ 180 Hz, stereo = 0, hdr = 0
19:50:33:954 (00012836) > [Render] 		- Mode 91 : 1680 x 1050 @  60 Hz, stereo = 0, hdr = 0
19:50:33:954 (00012836) > [Render] 		- Mode 92 : 1680 x 1050 @  60 Hz, stereo = 0, hdr = 0
19:50:33:954 (00012836) > [Render] 		- Mode 93 : 1680 x 1050 @ 120 Hz, stereo = 0, hdr = 0
19:50:33:954 (00012836) > [Render] 		- Mode 94 : 1680 x 1050 @ 120 Hz, stereo = 0, hdr = 0
19:50:33:954 (00012836) > [Render] 		- Mode 95 : 1760 x  990 @  50 Hz, stereo = 0, hdr = 0
19:50:33:954 (00012836) > [Render] 		- Mode 96 : 1760 x  990 @  50 Hz, stereo = 0, hdr = 0
19:50:33:954 (00012836) > [Render] 		- Mode 97 : 1760 x  990 @  60 Hz, stereo = 0, hdr = 0
19:50:33:954 (00012836) > [Render] 		- Mode 98 : 1760 x  990 @  60 Hz, stereo = 0, hdr = 0
19:50:33:954 (00012836) > [Render] 		- Mode 99 : 1760 x  990 @ 120 Hz, stereo = 0, hdr = 0
19:50:33:954 (00012836) > [Render] 		- Mode 100 : 1760 x  990 @ 120 Hz, stereo = 0, hdr = 0
19:50:33:954 (00012836) > [Render] 		- Mode 101 : 1760 x  990 @ 180 Hz, stereo = 0, hdr = 0
19:50:33:954 (00012836) > [Render] 		- Mode 102 : 1760 x  990 @ 180 Hz, stereo = 0, hdr = 0
19:50:33:954 (00012836) > [Render] 		- Mode 103 : 1760 x  990 @  60 Hz, stereo = 0, hdr = 0
19:50:33:954 (00012836) > [Render] 		- Mode 104 : 1760 x  990 @  60 Hz, stereo = 0, hdr = 0
19:50:33:954 (00012836) > [Render] 		- Mode 105 : 1760 x  990 @ 120 Hz, stereo = 0, hdr = 0
19:50:33:954 (00012836) > [Render] 		- Mode 106 : 1760 x  990 @ 120 Hz, stereo = 0, hdr = 0
19:50:33:954 (00012836) > [Render] 		- Mode 107 : 1920 x 1080 @  50 Hz, stereo = 0, hdr = 0
19:50:33:954 (00012836) > [Render] 		- Mode 108 : 1920 x 1080 @  60 Hz, stereo = 0, hdr = 0
19:50:33:954 (00012836) > [Render] 		- Mode 109 : 1920 x 1080 @ 120 Hz, stereo = 0, hdr = 0
19:50:33:954 (00012836) > [Render] 		- Mode 110 : 1920 x 1080 @ 180 Hz, stereo = 0, hdr = 0
19:50:33:954 (00012836) > [Render] 		- Mode 111 : 1920 x 1080 @  60 Hz, stereo = 0, hdr = 0
19:50:33:954 (00012836) > [Render] 		- Mode 112 : 1920 x 1080 @ 120 Hz, stereo = 0, hdr = 0
19:50:33:954 (00012836) > [Render] 		- Mode 113 : 1920 x 1200 @  24 Hz, stereo = 0, hdr = 0
19:50:33:954 (00012836) > [Render] 		- Mode 114 : 1920 x 1200 @  24 Hz, stereo = 0, hdr = 0
19:50:33:954 (00012836) > [Render] 		- Mode 115 : 1920 x 1200 @  25 Hz, stereo = 0, hdr = 0
19:50:33:954 (00012836) > [Render] 		- Mode 116 : 1920 x 1200 @  25 Hz, stereo = 0, hdr = 0
19:50:33:954 (00012836) > [Render] 		- Mode 117 : 1920 x 1200 @  30 Hz, stereo = 0, hdr = 0
19:50:33:954 (00012836) > [Render] 		- Mode 118 : 1920 x 1200 @  30 Hz, stereo = 0, hdr = 0
19:50:33:954 (00012836) > [Render] 		- Mode 119 : 1920 x 1200 @  24 Hz, stereo = 0, hdr = 0
19:50:33:954 (00012836) > [Render] 		- Mode 120 : 1920 x 1200 @  24 Hz, stereo = 0, hdr = 0
19:50:33:954 (00012836) > [Render] 		- Mode 121 : 1920 x 1200 @  30 Hz, stereo = 0, hdr = 0
19:50:33:954 (00012836) > [Render] 		- Mode 122 : 1920 x 1200 @  30 Hz, stereo = 0, hdr = 0
19:50:33:954 (00012836) > [Render] 		- Mode 123 : 2048 x 1536 @  24 Hz, stereo = 0, hdr = 0
19:50:33:954 (00012836) > [Render] 		- Mode 124 : 2048 x 1536 @  24 Hz, stereo = 0, hdr = 0
19:50:33:954 (00012836) > [Render] 		- Mode 125 : 2048 x 1536 @  25 Hz, stereo = 0, hdr = 0
19:50:33:954 (00012836) > [Render] 		- Mode 126 : 2048 x 1536 @  25 Hz, stereo = 0, hdr = 0
19:50:33:954 (00012836) > [Render] 		- Mode 127 : 2048 x 1536 @  30 Hz, stereo = 0, hdr = 0
19:50:33:954 (00012836) > [Render] 		- Mode 128 : 2048 x 1536 @  30 Hz, stereo = 0, hdr = 0
19:50:33:954 (00012836) > [Render] 		- Mode 129 : 2048 x 1536 @  24 Hz, stereo = 0, hdr = 0
19:50:33:954 (00012836) > [Render] 		- Mode 130 : 2048 x 1536 @  24 Hz, stereo = 0, hdr = 0
19:50:33:954 (00012836) > [Render] 		- Mode 131 : 2048 x 1536 @  30 Hz, stereo = 0, hdr = 0
19:50:33:954 (00012836) > [Render] 		- Mode 132 : 2048 x 1536 @  30 Hz, stereo = 0, hdr = 0
19:50:33:954 (00012836) > [Render] 		- Mode 133 : 2560 x 1440 @  24 Hz, stereo = 0, hdr = 0
19:50:33:954 (00012836) > [Render] 		- Mode 134 : 2560 x 1440 @  24 Hz, stereo = 0, hdr = 0
19:50:33:954 (00012836) > [Render] 		- Mode 135 : 2560 x 1440 @  25 Hz, stereo = 0, hdr = 0
19:50:33:954 (00012836) > [Render] 		- Mode 136 : 2560 x 1440 @  25 Hz, stereo = 0, hdr = 0
19:50:33:954 (00012836) > [Render] 		- Mode 137 : 2560 x 1440 @  30 Hz, stereo = 0, hdr = 0
19:50:33:954 (00012836) > [Render] 		- Mode 138 : 2560 x 1440 @  30 Hz, stereo = 0, hdr = 0
19:50:33:954 (00012836) > [Render] 		- Mode 139 : 2560 x 1440 @  24 Hz, stereo = 0, hdr = 0
19:50:33:954 (00012836) > [Render] 		- Mode 140 : 2560 x 1440 @  24 Hz, stereo = 0, hdr = 0
19:50:33:954 (00012836) > [Render] 		- Mode 141 : 2560 x 1440 @  30 Hz, stereo = 0, hdr = 0
19:50:33:954 (00012836) > [Render] 		- Mode 142 : 2560 x 1440 @  30 Hz, stereo = 0, hdr = 0
19:50:33:954 (00012836) > [Render] 		- Mode 143 : 3072 x 1728 @  24 Hz, stereo = 0, hdr = 0
19:50:33:954 (00012836) > [Render] 		- Mode 144 : 3072 x 1728 @  24 Hz, stereo = 0, hdr = 0
19:50:33:954 (00012836) > [Render] 		- Mode 145 : 3072 x 1728 @  25 Hz, stereo = 0, hdr = 0
19:50:33:954 (00012836) > [Render] 		- Mode 146 : 3072 x 1728 @  25 Hz, stereo = 0, hdr = 0
19:50:33:954 (00012836) > [Render] 		- Mode 147 : 3072 x 1728 @  30 Hz, stereo = 0, hdr = 0
19:50:33:954 (00012836) > [Render] 		- Mode 148 : 3072 x 1728 @  30 Hz, stereo = 0, hdr = 0
19:50:33:954 (00012836) > [Render] 		- Mode 149 : 3072 x 1728 @  24 Hz, stereo = 0, hdr = 0
19:50:33:954 (00012836) > [Render] 		- Mode 150 : 3072 x 1728 @  24 Hz, stereo = 0, hdr = 0
19:50:33:954 (00012836) > [Render] 		- Mode 151 : 3072 x 1728 @  30 Hz, stereo = 0, hdr = 0
19:50:33:954 (00012836) > [Render] 		- Mode 152 : 3072 x 1728 @  30 Hz, stereo = 0, hdr = 0
19:50:33:954 (00012836) > [Render] 		- Mode 153 : 3200 x 1800 @  24 Hz, stereo = 0, hdr = 0
19:50:33:954 (00012836) > [Render] 		- Mode 154 : 3200 x 1800 @  24 Hz, stereo = 0, hdr = 0
19:50:33:954 (00012836) > [Render] 		- Mode 155 : 3200 x 1800 @  25 Hz, stereo = 0, hdr = 0
19:50:33:954 (00012836) > [Render] 		- Mode 156 : 3200 x 1800 @  25 Hz, stereo = 0, hdr = 0
19:50:33:954 (00012836) > [Render] 		- Mode 157 : 3200 x 1800 @  30 Hz, stereo = 0, hdr = 0
19:50:33:954 (00012836) > [Render] 		- Mode 158 : 3200 x 1800 @  30 Hz, stereo = 0, hdr = 0
19:50:33:954 (00012836) > [Render] 		- Mode 159 : 3200 x 1800 @  24 Hz, stereo = 0, hdr = 0
19:50:33:954 (00012836) > [Render] 		- Mode 160 : 3200 x 1800 @  24 Hz, stereo = 0, hdr = 0
19:50:33:954 (00012836) > [Render] 		- Mode 161 : 3200 x 1800 @  30 Hz, stereo = 0, hdr = 0
19:50:33:954 (00012836) > [Render] 		- Mode 162 : 3200 x 1800 @  30 Hz, stereo = 0, hdr = 0
19:50:33:954 (00012836) > [Render] 		- Mode 163 : 3840 x 2160 @  24 Hz, stereo = 0, hdr = 0
19:50:33:954 (00012836) > [Render] 		- Mode 164 : 3840 x 2160 @  25 Hz, stereo = 0, hdr = 0
19:50:33:954 (00012836) > [Render] 		- Mode 165 : 3840 x 2160 @  30 Hz, stereo = 0, hdr = 0
19:50:33:954 (00012836) > [Render] 		- Mode 166 : 3840 x 2160 @  24 Hz, stereo = 0, hdr = 0
19:50:33:954 (00012836) > [Render] 		- Mode 167 : 3840 x 2160 @  30 Hz, stereo = 0, hdr = 0
19:50:33:954 (00012836) > [Render] ***** Additional Monitor Output Info *****
19:50:33:954 (00012836) > [Render] 		BitsPerColor: 10
19:50:33:954 (00012836) > [Render] 		Primaries: R=0.6709;0.3145  G=0.2734;0.6670  B=0.1523;0.0498  White-Point=0.3135;0.3291
19:50:33:954 (00012836) > [Render] 		HDR: No (Color Space: DXGI_COLOR_SPACE_RGB_FULL_G22_NONE_P709)
19:50:33:954 (00012836) > [Render] 		Luminance: Min=0.0000 Max=417.0000 MaxFullFrame=417.0000
19:50:33:954 (00012836) > [Render] ******************************************
19:50:33:954 (00012836) > [Render] 
19:50:34:329 (00012836) > [NxApp] RAY TRACING DISABLED: No Ray Tracing support detected
19:50:34:353 (00012836) > [NxReflex] DLSSG support result:Result::eErrorOSDisabledHWS
19:50:34:365 (00012836) > [D3D] Max supported feature level: 11.0
19:50:34:365 (00012836) > [Render] Disabled D3D12 experimentals
19:50:34:516 (00012836) > [Render] VMEM Budget: 7367 MB
19:50:34:516 (00012836) > [Render] VMEM Avaialbe: 7367 MB
19:50:34:518 (00012836) > [Render] GPU node count: 1
19:50:34:523 (00012836) > [NxApp] PreInit successful.
19:50:34:588 (00012836) > [NxUpscaler] XeSS init, code = 0
19:50:34:591 (00012836) > [NxApp] Querying GPU Driver Info...
19:50:34:591 (00012836) > [NxApp] Enumerating available display adapters:
19:50:34:609 (00012836) > [NxApp] 		Radeon RX 570 Series (active)
19:50:34:609 (00012836) > [NxApp] Successfully found GPU Driver Info
19:50:34:613 (00012836) > [Input] Keyboard language: "Português (Brasil)" (id: 1046)
19:50:34:613 (00012836) > [Input] Keyboard physical layout: "Portuguese (Brazilian ABNT)" (id: 00000416)
19:50:34:613 (00012836) > [Input] Human Input Device  ""   product 2508 vendor 1356 version 0 usage 5 usagePage 1
19:50:34:614 (00012836) > [Input] Joystick            ""   product 64035 vendor 9639 version 577 usage 136 usagePage 65468 xinput no
19:50:34:614 (00012836) > [Input] Joystick            ""   product 64035 vendor 9639 version 577 usage 1 usagePage 12 xinput no
19:50:34:614 (00012836) > [Input] Joystick            ""   product 64035 vendor 9639 version 577 usage 0 usagePage 65281 xinput no
19:50:34:614 (00012836) > [Input] Joystick            ""   product 341 vendor 9610 version 1792 usage 1 usagePage 65280 xinput no
19:50:34:614 (00012836) > [Input] Joystick            ""   product 4160 vendor 12538 version 256 usage 1 usagePage 65280 xinput no
19:50:34:614 (00012836) > [Input] Joystick            ""   product 341 vendor 9610 version 1792 usage 1 usagePage 12 xinput no
19:50:34:614 (00012836) > [Input] Joystick            ""   product 4160 vendor 12538 version 256 usage 1 usagePage 12 xinput no
19:50:34:614 (00012836) > [Input] Mouse               "HID-compliant mouse"   id 256 buttons 5 sampleRate 0 horizontalWheel no
19:50:34:614 (00012836) > [Input] Mouse               "HID-compliant mouse"   id 256 buttons 5 sampleRate 0 horizontalWheel no
19:50:34:614 (00012836) > [Input] Mouse               "HID-compliant mouse"   id 256 buttons 5 sampleRate 0 horizontalWheel no
19:50:34:614 (00012836) > [Input] Keyboard            "HID Keyboard Device"   type 81 subType 0 mode 1 function 12 indicators 3 total 120
19:50:34:614 (00012836) > [Input] Keyboard            "HID Keyboard Device"   type 81 subType 0 mode 1 function 12 indicators 3 total 264
19:50:34:614 (00012836) > [Input] Keyboard            "HID Keyboard Device"   type 81 subType 0 mode 1 function 12 indicators 3 total 240
19:50:34:614 (00012836) > [Input] Keyboard            "HID Keyboard Device"   type 81 subType 0 mode 1 function 12 indicators 3 total 264
19:50:34:629 (00012836) > [Input] Using LibScePad
19:50:34:633 (00012836) > [XInput] Enumerating available xusb hid devices:

19:50:34:661 (00014236) > [Input] new Windows.Gaming.Input raw-controller found 54c 9cc

19:50:37:705 (00012836) > [Input] Windows.Gaming.Input controller connected. index: 0
19:50:37:705 (00012836) > [Input] Gamepads connected: 0 -> 1
19:50:37:705 (00012836) > [Input] Gamepad for main player: 0
19:50:39:402 (00012836) > [Reflex] Not supported.
19:50:39:403 (00012836) > [NxApp] Querying GPU Driver Info...
19:50:39:403 (00012836) > [NxApp] Enumerating available display adapters:
19:50:39:421 (00012836) > [NxApp] 		Radeon RX 570 Series (active)
19:50:39:421 (00012836) > [NxApp] Successfully found GPU Driver Info
19:50:39:421 (00012836) > [NxApp] Driver Desc: Radeon RX 570 Series
19:50:39:421 (00012836) > [NxApp] Driver Version: 26.1.1
19:50:39:421 (00012836) > [**************************************************Display + Graphics Settings**************************************************] 
19:50:39:421 (00012836) > [Settings] DirectX Version: 12
19:50:39:421 (00012836) > [Settings] Window mode: Fullscreen
19:50:39:421 (00012836) > [Settings] Fullscreen display mode:
19:50:39:421 (00012836) > [Settings] 	Displaying on monitor: 0
19:50:39:421 (00012836) > [Settings] 	Resolution: 1920x1080
19:50:39:421 (00012836) > [Settings] 	HDR: Off
19:50:39:421 (00012836) > [Settings] 	OS reported Refresh rate: 60
19:50:39:421 (00012836) > [Settings] 	VSync: On
19:50:39:421 (00012836) > [Settings] 	Reflex: Off
19:50:39:421 (00012836) > [Settings] 	Frame generation: None
19:50:39:421 (00012836) > [Settings] 	Resolution modifier 1.000000
19:50:39:421 (00012836) > [Settings] 	Dynamic resolution FPS target: 60
19:50:39:421 (00012836) > [Settings] Anti aliasing: TAA

19:50:39:421 (00012836) > [Settings] Upscale method: FSR

19:50:39:421 (00012836) > [Settings] Upscale quality: Quality

19:50:39:421 (00012836) > [Settings] Upscale sharpen value: 1.000000

19:50:39:421 (00012836) > [Settings] Graphics Options:
19:50:39:421 (00012836) > [Settings] 	Preset: Custom
19:50:39:421 (00012836) > [Settings] 	RT Reflections: Off
19:50:39:421 (00012836) > [Settings] 	RT Shadows: Off
19:50:39:421 (00012836) > [Settings] 	Texture Quality: Low
19:50:39:421 (00012836) > [Settings] 	Texture Filtering: Trilinear
19:50:39:421 (00012836) > [Settings] 	Shadow Quality: Lowest
19:50:39:421 (00012836) > [Settings] 	Depth of Field: Lowest
19:50:39:421 (00012836) > [Settings] 	Level of Detail: Lowest
19:50:39:421 (00012836) > [Settings] 	Vehicle Detail: Lowest
19:50:39:421 (00012836) > [Settings] 	Crowd Detail: Lowest
19:50:39:421 (00012836) > [Settings] 	Hair Quality: Lowest
19:50:39:421 (00012836) > [Settings] 	Ambient Occlusion: SSAO
19:50:39:421 (00012836) > [Settings] 	Screen Space Reflections: Off
19:50:39:421 (00012836) > [Settings] 	Particle Lighting: Very High

19:50:39:421 (00012836) > [Settings] 	Bloom: Off
19:50:39:421 (00012836) > [Settings] 	Vignette: On
19:50:39:421 (00012836) > [Settings] 	Chromatic Aberration: On
19:50:39:421 (00012836) > [Settings] 	Motion Blur: 0.001000
19:50:39:421 (00012836) > [Settings] 	FOV Correction: 0.970000
19:50:39:421 (00012836) > [Settings] 	Film Grain Strength: 0.001000
19:50:39:421 (00012836) > [Settings] 	Sharpness: 0.001000
19:50:39:421 (00012836) > [Settings] 	Lens Flares: Off
19:50:39:421 (00012836) > [Settings] 	Screen Effects: On
19:50:39:421 (00012836) > [**************************************************Display + Graphics Settings**************************************************] 
19:50:39:421 (00012836) > [NxApp] Creating window...
19:50:39:424 (00012968) > [GameWindow] UpdateState bVisible true
19:50:39:435 (00012836) > [NxApp] Window created.
19:50:39:435 (00012836) > [NxApp] Initializing swapchain...
19:50:39:435 (00011172) > [SwapChain] Creating...
19:50:39:435 (00011172) > [NxSwapChainImpl] Swapchain native backbuffer (windows) resolution: 1920x1080
19:50:39:475 (00011172) > [DXGI] Created swapchain.
19:50:39:523 (00011172) > [SwapChain] Gamma correction is enabled.
19:50:39:523 (00011172) > [SwapChain] Successfully created.
19:50:39:523 (00011172) > [NxSwapChainImpl] Swapchain native backbuffer (windows) resolution: 1920x1080
19:50:39:523 (00012836) > [NxApp] Swapchain initialized
19:50:39:523 (00012836) > [NxApp] Initializing renderer...
19:50:39:523 (00012836) > [NxApp] Renderer initialized
19:50:39:523 (00012836) > [NxProcessorInfo] Custom affinity 0 selected.
19:50:39:523 (00012836) > [NxProcessorInfo] Processor info:
19:50:39:523 (00012836) > [NxProcessorInfo] 	Physical Core:     	6
19:50:39:523 (00012836) > [NxProcessorInfo] 	Logical  Core:     	12
19:50:39:523 (00012836) > [NxProcessorInfo] 	Distinct L3 Cache: 	2
19:50:39:523 (00012836) > [NxProcessorInfo] 	Family:            	23
19:50:39:523 (00012836) > [NxProcessorInfo] 	Model:             	96
19:50:39:523 (00012836) > [NxProcessorInfo] 	Name:              	AMD Ryzen 5 4500 6-Core Processor              
19:50:39:523 (00012836) > [NxProcessorInfo] 	NormalAffinity(auto)
19:50:39:523 (00012836) > [NxProcessorInfo] AMD until Ryzen 5000 series special cases
19:50:39:526 (00012836) > [Render] No support for DXR 1.1, raytracing will be disabled!
19:50:39:703 (00012836) > [Render] File cache.pso contains 10041 pipelines and 0 duplicates
19:50:39:705 (00012836) > [Render] File C:\Users\<username>\AppData\Roaming\Insomniac Games\Marvel's Spider-Man Miles Morales\\cache.pso contains 7 pipelines and 0 duplicates
19:50:39:705 (00012836) > [Render] Support for Shader Model 6.6: Yes
19:50:39:705 (00012836) > [Render] Is UMA: No Is Cache Coherent: No
19:50:39:705 (00012836) > [Render] Using Cpu Buffer Optimize: No
19:50:41:839 (00009600) > [Audio] Device (re)initialized 0x0 'Fones de ouvido (AD-520)'
19:50:42:792 (00010820) > [PSN] AuthenticationRequest: 200
19:50:43:451 (00010820) > [PSN] GetConfigData: 200
19:50:43:451 (00011760) > [PSN]     registration: enabled
19:50:43:702 (00004924) > [PSN] GetRegisteredAccount: 404
19:50:43:760 (00014152) > [Save] Request type 3 failed with code 0x00000002
19:50:43:801 (00014152) > [Save] Request type 3 failed with code 0x00000002
19:50:43:817 (00012836) > [Save] Request load save type 0, control 128, target -1
19:50:43:824 (00014152) > [Save] Request type 3 failed with code 0x00000002
19:50:43:857 (00012836) > [Save] Request load save type 0, control 128, target -1
19:50:43:874 (00014152) > [Save] Request type 3 failed with code 0x00000002
19:50:43:908 (00012836) > [Save] Request load save type 0, control 128, target -1
19:50:43:922 (00010820) > [PSN] NewRegistrationURL: 200
19:50:43:924 (00011760) > [PSN] 
19:50:43:924 (00014152) > [Save] Request type 3 failed with code 0x00000002
19:50:43:957 (00012836) > [Save] Request load save type 0, control 128, target -1
19:50:43:975 (00014152) > [Save] Request type 3 failed with code 0x00000002
19:50:44:017 (00012836) > [Save] Request load save type 0, control 128, target -1
19:50:44:025 (00014152) > [Save] Request type 3 failed with code 0x00000002
19:50:44:048 (00012836) > [Save] Request load save type 0, control 128, target -1
19:51:20:284 (00012836) > [Save] Request load save type 0, control 128, target -1
19:51:41:201 (00015052) > [Render] Working set: 4152MB Page file: 11072MB Video Budget: 7367MB Video Usage: 4122MB Sys Budget: 7463MB Sys Usage: 325MB Tex Usage: 771MB Tex Budget: 1000MB BVH heaps: 100MB BVH size: 83MB Demoted: 0MB fps: 54.600002
19:52:34:441 (00012836) > [Save] Request save type 0, control 0
19:52:41:215 (00015052) > [Render] Working set: 4200MB Page file: 10967MB Video Budget: 7367MB Video Usage: 4104MB Sys Budget: 7463MB Sys Usage: 325MB Tex Usage: 764MB Tex Budget: 1000MB BVH heaps: 100MB BVH size: 83MB Demoted: 0MB fps: 60.016670
19:53:41:200 (00015052) > [Render] Working set: 4206MB Page file: 10968MB Video Budget: 7367MB Video Usage: 4106MB Sys Budget: 7463MB Sys Usage: 325MB Tex Usage: 774MB Tex Budget: 1000MB BVH heaps: 100MB BVH size: 83MB Demoted: 0MB fps: 59.933338
19:54:06:792 (00012836) > [Save] Request save type 0, control 0
19:54:06:792 (00012836) > [Save] Request save type 0, control 0
19:54:41:201 (00015052) > [Render] Working set: 4215MB Page file: 11072MB Video Budget: 7367MB Video Usage: 4170MB Sys Budget: 7463MB Sys Usage: 325MB Tex Usage: 842MB Tex Budget: 1000MB BVH heaps: 100MB BVH size: 83MB Demoted: 0MB fps: 59.850002
19:54:55:320 (00012836) > [Save] Request save type 0, control 0
19:54:55:320 (00012836) > [Save] Request save type 0, control 0
19:55:41:203 (00015052) > [Render] Working set: 4219MB Page file: 11008MB Video Budget: 7367MB Video Usage: 4122MB Sys Budget: 7463MB Sys Usage: 325MB Tex Usage: 798MB Tex Budget: 1000MB BVH heaps: 100MB BVH size: 83MB Demoted: 0MB fps: 60.000004
19:56:27:698 (00012836) > [Save] Request save type 0, control 0
19:56:27:698 (00012836) > [Save] Request save type 0, control 0
19:56:41:203 (00015052) > [Render] Working set: 4219MB Page file: 11008MB Video Budget: 7367MB Video Usage: 4122MB Sys Budget: 7463MB Sys Usage: 325MB Tex Usage: 798MB Tex Budget: 1000MB BVH heaps: 100MB BVH size: 83MB Demoted: 0MB fps: 59.833336
19:56:53:193 (00012836) > [Save] Request save type 0, control 0
19:56:53:193 (00012836) > [Save] Request save type 0, control 0
19:57:41:211 (00015052) > [Render] Working set: 4221MB Page file: 11008MB Video Budget: 7367MB Video Usage: 4122MB Sys Budget: 7463MB Sys Usage: 325MB Tex Usage: 798MB Tex Budget: 1000MB BVH heaps: 100MB BVH size: 83MB Demoted: 0MB fps: 59.983337
19:58:41:215 (00015052) > [Render] Working set: 4221MB Page file: 10988MB Video Budget: 7367MB Video Usage: 4121MB Sys Budget: 7463MB Sys Usage: 325MB Tex Usage: 798MB Tex Budget: 1000MB BVH heaps: 100MB BVH size: 83MB Demoted: 0MB fps: 59.950005
19:59:41:216 (00015052) > [Render] Working set: 4221MB Page file: 10989MB Video Budget: 7367MB Video Usage: 4122MB Sys Budget: 7463MB Sys Usage: 325MB Tex Usage: 798MB Tex Budget: 1000MB BVH heaps: 100MB BVH size: 83MB Demoted: 0MB fps: 59.983337
20:00:41:213 (00015052) > [Render] Working set: 4221MB Page file: 11009MB Video Budget: 7367MB Video Usage: 4122MB Sys Budget: 7463MB Sys Usage: 325MB Tex Usage: 798MB Tex Budget: 1000MB BVH heaps: 100MB BVH size: 83MB Demoted: 0MB fps: 59.983337
20:01:41:217 (00015052) > [Render] Working set: 4221MB Page file: 11008MB Video Budget: 7367MB Video Usage: 4122MB Sys Budget: 7463MB Sys Usage: 325MB Tex Usage: 798MB Tex Budget: 1000MB BVH heaps: 100MB BVH size: 83MB Demoted: 0MB fps: 60.000004
20:02:13:451 (00012836) > [Save] Request save type 0, control 0
20:02:13:451 (00012836) > [Save] Request save type 0, control 0
20:02:27:361 (00012836) > [Save] Request save type 0, control 0
20:02:35:405 (00012836) > [Save] Request save type 0, control 0
20:02:35:405 (00012836) > [Save] Request save type 0, control 0
20:02:41:228 (00015052) > [Render] Working set: 4221MB Page file: 11030MB Video Budget: 7367MB Video Usage: 4123MB Sys Budget: 7463MB Sys Usage: 325MB Tex Usage: 799MB Tex Budget: 1000MB BVH heaps: 100MB BVH size: 83MB Demoted: 0MB fps: 60.016670
20:03:04:954 (00012836) > [Save] Request save type 0, control 0
20:03:04:954 (00012836) > [Save] Request save type 0, control 0
20:03:34:634 (00011172) > [NxSwapChainImpl] Swapchain native backbuffer (windows) resolution: 1920x1080
20:03:34:634 (00012836) > [Reflex] Not supported.
20:03:34:634 (00012836) > [Settings] New display settings are:
20:03:34:634 (00012836) > [**************************************************Display + Graphics Settings**************************************************] 
20:03:34:634 (00012836) > [Settings] DirectX Version: 12
20:03:34:634 (00012836) > [Settings] Window mode: Fullscreen
20:03:34:634 (00012836) > [Settings] Fullscreen display mode:
20:03:34:634 (00012836) > [Settings] 	Displaying on monitor: 0
20:03:34:634 (00012836) > [Settings] 	Resolution: 1920x1080
20:03:34:634 (00012836) > [Settings] 	HDR: Off
20:03:34:634 (00012836) > [Settings] 	OS reported Refresh rate: 60
20:03:34:634 (00012836) > [Settings] 	VSync: On
20:03:34:634 (00012836) > [Settings] 	Reflex: Off
20:03:34:634 (00012836) > [Settings] 	Frame generation: None
20:03:34:634 (00012836) > [Settings] 	Resolution modifier 1.000000
20:03:34:634 (00012836) > [Settings] 	Dynamic resolution FPS target: 60
20:03:34:634 (00012836) > [Settings] Anti aliasing: TAA

20:03:34:634 (00012836) > [Settings] Upscale method: FSR

20:03:34:634 (00012836) > [Settings] Upscale quality: Quality

20:03:34:634 (00012836) > [Settings] Upscale sharpen value: 1.000000

20:03:34:634 (00012836) > [Settings] Graphics Options:
20:03:34:634 (00012836) > [Settings] 	Preset: Custom
20:03:34:634 (00012836) > [Settings] 	RT Reflections: Off
20:03:34:634 (00012836) > [Settings] 	RT Shadows: Off
20:03:34:634 (00012836) > [Settings] 	Texture Quality: Low
20:03:34:634 (00012836) > [Settings] 	Texture Filtering: Trilinear
20:03:34:634 (00012836) > [Settings] 	Shadow Quality: Lowest
20:03:34:634 (00012836) > [Settings] 	Depth of Field: Lowest
20:03:34:634 (00012836) > [Settings] 	Level of Detail: Lowest
20:03:34:634 (00012836) > [Settings] 	Vehicle Detail: Lowest
20:03:34:634 (00012836) > [Settings] 	Crowd Detail: Lowest
20:03:34:634 (00012836) > [Settings] 	Hair Quality: Lowest
20:03:34:634 (00012836) > [Settings] 	Ambient Occlusion: SSAO
20:03:34:634 (00012836) > [Settings] 	Screen Space Reflections: Off
20:03:34:634 (00012836) > [Settings] 	Particle Lighting: Very High

20:03:34:634 (00012836) > [Settings] 	Bloom: Off
20:03:34:634 (00012836) > [Settings] 	Vignette: On
20:03:34:634 (00012836) > [Settings] 	Chromatic Aberration: On
20:03:34:634 (00012836) > [Settings] 	Motion Blur: 0.001000
20:03:34:634 (00012836) > [Settings] 	FOV Correction: 0.970000
20:03:34:634 (00012836) > [Settings] 	Film Grain Strength: 0.001000
20:03:34:634 (00012836) > [Settings] 	Sharpness: 0.001000
20:03:34:634 (00012836) > [Settings] 	Lens Flares: Off
20:03:34:634 (00012836) > [Settings] 	Screen Effects: On
20:03:34:634 (00012836) > [**************************************************Display + Graphics Settings**************************************************] 
20:03:34:634 (00012836) > [Settings] End of settings.
20:03:35:642 (00011172) > [NxSwapChainImpl] Swapchain native backbuffer (windows) resolution: 1920x1080
20:03:35:743 (00011172) > [NxSwapChainImpl] Swapchain native backbuffer (windows) resolution: 1920x1080
20:03:35:864 (00011172) > [NxSwapChainImpl] Swapchain native backbuffer (windows) resolution: 1920x1080
20:03:35:961 (00011172) > [NxSwapChainImpl] Swapchain native backbuffer (windows) resolution: 1920x1080
20:03:36:058 (00011172) > [NxSwapChainImpl] Swapchain native backbuffer (windows) resolution: 1920x1080
20:03:36:172 (00011172) > [NxSwapChainImpl] Swapchain native backbuffer (windows) resolution: 1920x1080
20:03:36:294 (00011172) > [NxSwapChainImpl] Swapchain native backbuffer (windows) resolution: 1920x1080
20:03:36:403 (00011172) > [NxSwapChainImpl] Swapchain native backbuffer (windows) resolution: 1920x1080
20:03:36:494 (00011172) > [NxSwapChainImpl] Swapchain native backbuffer (windows) resolution: 1920x1080
20:03:36:604 (00011172) > [NxSwapChainImpl] Swapchain native backbuffer (windows) resolution: 1920x1080
20:03:36:694 (00011172) > [NxSwapChainImpl] Swapchain native backbuffer (windows) resolution: 1920x1080
20:03:36:826 (00011172) > [NxSwapChainImpl] Swapchain native backbuffer (windows) resolution: 1920x1080
20:03:36:936 (00011172) > [NxSwapChainImpl] Swapchain native backbuffer (windows) resolution: 1920x1080
20:03:37:037 (00011172) > [NxSwapChainImpl] Swapchain native backbuffer (windows) resolution: 1920x1080
20:03:37:135 (00011172) > [NxSwapChainImpl] Swapchain native backbuffer (windows) resolution: 1920x1080
20:03:37:239 (00011172) > [NxSwapChainImpl] Swapchain native backbuffer (windows) resolution: 1920x1080
20:03:37:359 (00011172) > [NxSwapChainImpl] Swapchain native backbuffer (windows) resolution: 1920x1080
20:03:37:469 (00011172) > [NxSwapChainImpl] Swapchain native backbuffer (windows) resolution: 1920x1080
20:03:37:562 (00011172) > [NxSwapChainImpl] Swapchain native backbuffer (windows) resolution: 1920x1080
20:03:37:702 (00011172) > [NxSwapChainImpl] Swapchain native backbuffer (windows) resolution: 1920x1080
20:03:37:806 (00011172) > [NxSwapChainImpl] Swapchain native backbuffer (windows) resolution: 1920x1080
20:03:37:893 (00011172) > [NxSwapChainImpl] Swapchain native backbuffer (windows) resolution: 1920x1080
20:03:38:003 (00011172) > [NxSwapChainImpl] Swapchain native backbuffer (windows) resolution: 1920x1080
20:03:38:092 (00011172) > [NxSwapChainImpl] Swapchain native backbuffer (windows) resolution: 1920x1080
20:03:38:201 (00011172) > [NxSwapChainImpl] Swapchain native backbuffer (windows) resolution: 1920x1080
20:03:38:306 (00011172) > [NxSwapChainImpl] Swapchain native backbuffer (windows) resolution: 1920x1080
20:03:38:427 (00011172) > [NxSwapChainImpl] Swapchain native backbuffer (windows) resolution: 1920x1080
20:03:38:537 (00011172) > [NxSwapChainImpl] Swapchain native backbuffer (windows) resolution: 1920x1080
20:03:38:624 (00011172) > [NxSwapChainImpl] Swapchain native backbuffer (windows) resolution: 1920x1080
20:03:38:735 (00011172) > [NxSwapChainImpl] Swapchain native backbuffer (windows) resolution: 1920x1080
20:03:38:840 (00011172) > [NxSwapChainImpl] Swapchain native backbuffer (windows) resolution: 1920x1080
20:03:38:927 (00011172) > [NxSwapChainImpl] Swapchain native backbuffer (windows) resolution: 1920x1080
20:03:39:037 (00011172) > [NxSwapChainImpl] Swapchain native backbuffer (windows) resolution: 1920x1080
20:03:41:226 (00015052) > [Render] Working set: 4259MB Page file: 11008MB Video Budget: 7367MB Video Usage: 4120MB Sys Budget: 7463MB Sys Usage: 327MB Tex Usage: 789MB Tex Budget: 1000MB BVH heaps: 100MB BVH size: 84MB Demoted: 0MB fps: 58.783337
20:04:41:218 (00015052) > [Render] Working set: 4282MB Page file: 11014MB Video Budget: 7367MB Video Usage: 4104MB Sys Budget: 7463MB Sys Usage: 329MB Tex Usage: 772MB Tex Budget: 1000MB BVH heaps: 100MB BVH size: 84MB Demoted: 0MB fps: 59.850002
20:05:25:974 (00011172) > [NxSwapChainImpl] Swapchain native backbuffer (windows) resolution: 1920x1080
20:05:26:971 (00011172) > [NxSwapChainImpl] Swapchain native backbuffer (windows) resolution: 1920x1080
20:05:27:078 (00011172) > [NxSwapChainImpl] Swapchain native backbuffer (windows) resolution: 1920x1080
20:05:27:199 (00011172) > [NxSwapChainImpl] Swapchain native backbuffer (windows) resolution: 1920x1080
20:05:27:302 (00011172) > [NxSwapChainImpl] Swapchain native backbuffer (windows) resolution: 1920x1080
20:05:27:405 (00011172) > [NxSwapChainImpl] Swapchain native backbuffer (windows) resolution: 1920x1080
20:05:27:504 (00011172) > [NxSwapChainImpl] Swapchain native backbuffer (windows) resolution: 1920x1080
20:05:27:640 (00011172) > [NxSwapChainImpl] Swapchain native backbuffer (windows) resolution: 1920x1080
20:05:27:729 (00011172) > [NxSwapChainImpl] Swapchain native backbuffer (windows) resolution: 1920x1080
20:05:27:833 (00011172) > [NxSwapChainImpl] Swapchain native backbuffer (windows) resolution: 1920x1080
20:05:27:929 (00011172) > [NxSwapChainImpl] Swapchain native backbuffer (windows) resolution: 1920x1080
20:05:28:036 (00011172) > [NxSwapChainImpl] Swapchain native backbuffer (windows) resolution: 1920x1080
20:05:28:170 (00011172) > [NxSwapChainImpl] Swapchain native backbuffer (windows) resolution: 1920x1080
20:05:28:270 (00011172) > [NxSwapChainImpl] Swapchain native backbuffer (windows) resolution: 1920x1080
20:05:28:366 (00011172) > [NxSwapChainImpl] Swapchain native backbuffer (windows) resolution: 1920x1080
20:05:28:460 (00011172) > [NxSwapChainImpl] Swapchain native backbuffer (windows) resolution: 1920x1080
20:05:28:566 (00011172) > [NxSwapChainImpl] Swapchain native backbuffer (windows) resolution: 1920x1080
20:05:28:668 (00011172) > [NxSwapChainImpl] Swapchain native backbuffer (windows) resolution: 1920x1080
20:05:28:804 (00011172) > [NxSwapChainImpl] Swapchain native backbuffer (windows) resolution: 1920x1080
20:05:28:903 (00011172) > [NxSwapChainImpl] Swapchain native backbuffer (windows) resolution: 1920x1080
20:05:29:000 (00011172) > [NxSwapChainImpl] Swapchain native backbuffer (windows) resolution: 1920x1080
20:05:29:129 (00011172) > [NxSwapChainImpl] Swapchain native backbuffer (windows) resolution: 1920x1080
20:05:29:233 (00011172) > [NxSwapChainImpl] Swapchain native backbuffer (windows) resolution: 1920x1080
20:05:29:327 (00011172) > [NxSwapChainImpl] Swapchain native backbuffer (windows) resolution: 1920x1080
20:05:29:432 (00011172) > [NxSwapChainImpl] Swapchain native backbuffer (windows) resolution: 1920x1080
20:05:29:571 (00011172) > [NxSwapChainImpl] Swapchain native backbuffer (windows) resolution: 1920x1080
20:05:29:652 (00011172) > [NxSwapChainImpl] Swapchain native backbuffer (windows) resolution: 1920x1080
20:05:29:766 (00011172) > [NxSwapChainImpl] Swapchain native backbuffer (windows) resolution: 1920x1080
20:05:29:901 (00011172) > [NxSwapChainImpl] Swapchain native backbuffer (windows) resolution: 1920x1080
20:05:29:999 (00011172) > [NxSwapChainImpl] Swapchain native backbuffer (windows) resolution: 1920x1080
20:05:30:093 (00011172) > [NxSwapChainImpl] Swapchain native backbuffer (windows) resolution: 1920x1080
20:05:30:197 (00011172) > [NxSwapChainImpl] Swapchain native backbuffer (windows) resolution: 1920x1080
20:05:30:298 (00011172) > [NxSwapChainImpl] Swapchain native backbuffer (windows) resolution: 1920x1080
20:05:30:433 (00011172) > [NxSwapChainImpl] Swapchain native backbuffer (windows) resolution: 1920x1080
20:05:30:530 (00011172) > [NxSwapChainImpl] Swapchain native backbuffer (windows) resolution: 1920x1080
20:05:30:635 (00011172) > [NxSwapChainImpl] Swapchain native backbuffer (windows) resolution: 1920x1080
20:05:30:734 (00011172) > [NxSwapChainImpl] Swapchain native backbuffer (windows) resolution: 1920x1080
20:05:30:831 (00011172) > [NxSwapChainImpl] Swapchain native backbuffer (windows) resolution: 1920x1080
20:05:30:926 (00011172) > [NxSwapChainImpl] Swapchain native backbuffer (windows) resolution: 1920x1080
20:05:31:039 (00011172) > [NxSwapChainImpl] Swapchain native backbuffer (windows) resolution: 1920x1080
20:05:31:165 (00011172) > [NxSwapChainImpl] Swapchain native backbuffer (windows) resolution: 1920x1080
20:05:31:259 (00011172) > [NxSwapChainImpl] Swapchain native backbuffer (windows) resolution: 1920x1080
20:05:31:362 (00011172) > [NxSwapChainImpl] Swapchain native backbuffer (windows) resolution: 1920x1080
20:05:31:468 (00011172) > [NxSwapChainImpl] Swapchain native backbuffer (windows) resolution: 1920x1080
20:05:41:226 (00015052) > [Render] Working set: 4286MB Page file: 11003MB Video Budget: 7367MB Video Usage: 4104MB Sys Budget: 7463MB Sys Usage: 329MB Tex Usage: 772MB Tex Budget: 1000MB BVH heaps: 100MB BVH size: 84MB Demoted: 0MB fps: 59.233337
20:06:41:219 (00015052) > [Render] Working set: 4300MB Page file: 11017MB Video Budget: 7367MB Video Usage: 4112MB Sys Budget: 7463MB Sys Usage: 329MB Tex Usage: 779MB Tex Budget: 1000MB BVH heaps: 100MB BVH size: 84MB Demoted: 0MB fps: 59.750004
20:07:41:224 (00015052) > [Render] Working set: 4308MB Page file: 11015MB Video Budget: 7367MB Video Usage: 4102MB Sys Budget: 7463MB Sys Usage: 329MB Tex Usage: 751MB Tex Budget: 1000MB BVH heaps: 100MB BVH size: 84MB Demoted: 0MB fps: 60.016670
20:08:38:079 (00012836) > [Save] Request save type 0, control 0
20:08:38:079 (00012836) > [Save] Request save type 0, control 0
20:08:41:217 (00015052) > [Render] Working set: 4321MB Page file: 11041MB Video Budget: 7367MB Video Usage: 4126MB Sys Budget: 7463MB Sys Usage: 329MB Tex Usage: 813MB Tex Budget: 1000MB BVH heaps: 100MB BVH size: 84MB Demoted: 0MB fps: 59.616669
20:09:40:013 (00012836) > [Save] Request save type 0, control 0
20:09:41:219 (00015052) > [Render] Working set: 4326MB Page file: 11033MB Video Budget: 7367MB Video Usage: 4115MB Sys Budget: 7463MB Sys Usage: 329MB Tex Usage: 804MB Tex Budget: 1000MB BVH heaps: 100MB BVH size: 84MB Demoted: 0MB fps: 59.733337
20:09:43:624 (00012836) > [Save] Request save type 0, control 0
20:09:43:624 (00012836) > [Save] Request save type 0, control 0
20:10:24:591 (00012836) > [Save] Request save type 0, control 0
20:10:24:591 (00012836) > [Save] Request save type 0, control 0
20:10:41:220 (00015052) > [Render] Working set: 4331MB Page file: 11036MB Video Budget: 7367MB Video Usage: 4115MB Sys Budget: 7463MB Sys Usage: 329MB Tex Usage: 802MB Tex Budget: 1000MB BVH heaps: 100MB BVH size: 84MB Demoted: 0MB fps: 59.583336
20:11:41:217 (00015052) > [Render] Working set: 4329MB Page file: 11036MB Video Budget: 7367MB Video Usage: 4117MB Sys Budget: 7463MB Sys Usage: 329MB Tex Usage: 804MB Tex Budget: 1000MB BVH heaps: 100MB BVH size: 84MB Demoted: 0MB fps: 59.450005
20:12:24:820 (00012836) > [Save] Request save type 0, control 0
20:12:24:820 (00012836) > [Save] Request save type 0, control 0
20:12:41:232 (00015052) > [Render] Working set: 4344MB Page file: 11047MB Video Budget: 7367MB Video Usage: 4120MB Sys Budget: 7463MB Sys Usage: 329MB Tex Usage: 811MB Tex Budget: 1000MB BVH heaps: 100MB BVH size: 84MB Demoted: 0MB fps: 59.366669
20:13:14:790 (00012836) > [Save] Request save type 0, control 0
20:13:41:242 (00015052) > [Render] Working set: 4367MB Page file: 11078MB Video Budget: 7367MB Video Usage: 4129MB Sys Budget: 7463MB Sys Usage: 329MB Tex Usage: 822MB Tex Budget: 1000MB BVH heaps: 100MB BVH size: 85MB Demoted: 0MB fps: 59.716671
20:13:45:407 (00012836) > [Save] Request save type 0, control 0
20:13:45:407 (00012836) > [Save] Request save type 0, control 0
20:14:41:234 (00015052) > [Render] Working set: 4361MB Page file: 11051MB Video Budget: 7367MB Video Usage: 4109MB Sys Budget: 7463MB Sys Usage: 329MB Tex Usage: 803MB Tex Budget: 1000MB BVH heaps: 100MB BVH size: 85MB Demoted: 0MB fps: 59.850002
20:15:15:501 (00012836) > [Save] Request save type 0, control 0
20:15:15:501 (00012836) > [Save] Request save type 0, control 0
20:15:16:256 (00012836) > [Save] Request save type 0, control 0
20:15:16:256 (00012836) > [Save] Request save type 0, control 0
20:15:16:260 (00012836) > [Save] Request save type 0, control 0
20:15:16:260 (00012836) > [Save] Request save type 0, control 0
20:15:16:272 (00012836) > [Save] Request save type 0, control 256
20:15:25:649 (00012836) > [Save] Request save type 0, control 0
20:15:41:241 (00015052) > [Render] Working set: 4379MB Page file: 11074MB Video Budget: 7367MB Video Usage: 4110MB Sys Budget: 7463MB Sys Usage: 329MB Tex Usage: 795MB Tex Budget: 1000MB BVH heaps: 100MB BVH size: 85MB Demoted: 0MB fps: 59.866669
20:16:41:238 (00015052) > [Render] Working set: 4382MB Page file: 11071MB Video Budget: 7367MB Video Usage: 4106MB Sys Budget: 7463MB Sys Usage: 329MB Tex Usage: 772MB Tex Budget: 1000MB BVH heaps: 100MB BVH size: 85MB Demoted: 0MB fps: 59.900002
20:17:00:679 (00012836) > [Save] Request save type 0, control 0
20:17:00:698 (00012836) > [Save] Request save type 0, control 0
20:17:18:013 (00012836) > [Save] Request save type 0, control 0
20:17:31:245 (00012836) > [Save] Request save type 0, control 0
20:17:31:245 (00012836) > [Save] Request save type 0, control 0
20:17:41:238 (00015052) > [Render] Working set: 4386MB Page file: 11076MB Video Budget: 7367MB Video Usage: 4107MB Sys Budget: 7463MB Sys Usage: 329MB Tex Usage: 759MB Tex Budget: 1000MB BVH heaps: 100MB BVH size: 85MB Demoted: 0MB fps: 60.000004
20:18:41:240 (00015052) > [Render] Working set: 4386MB Page file: 11076MB Video Budget: 7367MB Video Usage: 4107MB Sys Budget: 7463MB Sys Usage: 329MB Tex Usage: 758MB Tex Budget: 1000MB BVH heaps: 100MB BVH size: 85MB Demoted: 0MB fps: 59.983337
20:18:41:315 (00012836) > [Save] Request save type 0, control 0
20:18:44:314 (00012836) > [Save] Request save type 0, control 0
20:18:47:260 (00012836) > [Save] Request save type 0, control 0
20:18:47:260 (00012836) > [Save] Request save type 0, control 0
20:18:47:260 (00012836) > [Save] Request save type 0, control 0
20:18:47:263 (00012836) > [Save] Request save type 0, control 0
20:19:41:245 (00015052) > [Render] Working set: 4390MB Page file: 11097MB Video Budget: 7367MB Video Usage: 4130MB Sys Budget: 7463MB Sys Usage: 329MB Tex Usage: 804MB Tex Budget: 1000MB BVH heaps: 100MB BVH size: 85MB Demoted: 0MB fps: 59.950005
20:19:56:053 (00012836) > [Save] Request save type 0, control 0
20:20:41:234 (00015052) > [Render] Working set: 4412MB Page file: 11099MB Video Budget: 7367MB Video Usage: 4132MB Sys Budget: 7463MB Sys Usage: 329MB Tex Usage: 797MB Tex Budget: 1000MB BVH heaps: 100MB BVH size: 85MB Demoted: 0MB fps: 59.950005
20:20:51:868 (00012836) > [Save] Request save type 0, control 0
20:20:51:890 (00012836) > [Save] Request save type 0, control 0
20:20:52:421 (00012836) > [Save] Request save type 0, control 0
20:20:52:422 (00012836) > [Save] Request save type 0, control 0
20:21:41:245 (00015052) > [Render] Working set: 4424MB Page file: 11146MB Video Budget: 7367MB Video Usage: 4179MB Sys Budget: 7463MB Sys Usage: 329MB Tex Usage: 793MB Tex Budget: 1000MB BVH heaps: 100MB BVH size: 85MB Demoted: 0MB fps: 59.983337
20:22:41:246 (00015052) > [Render] Working set: 4424MB Page file: 11146MB Video Budget: 7367MB Video Usage: 4179MB Sys Budget: 7463MB Sys Usage: 329MB Tex Usage: 793MB Tex Budget: 1000MB BVH heaps: 100MB BVH size: 85MB Demoted: 0MB fps: 60.000004
20:23:41:245 (00015052) > [Render] Working set: 4424MB Page file: 11146MB Video Budget: 7367MB Video Usage: 4179MB Sys Budget: 7463MB Sys Usage: 329MB Tex Usage: 793MB Tex Budget: 1000MB BVH heaps: 100MB BVH size: 85MB Demoted: 0MB fps: 60.000004
20:24:41:244 (00015052) > [Render] Working set: 4424MB Page file: 11136MB Video Budget: 7367MB Video Usage: 4167MB Sys Budget: 7463MB Sys Usage: 329MB Tex Usage: 783MB Tex Budget: 1000MB BVH heaps: 100MB BVH size: 85MB Demoted: 0MB fps: 59.833336
20:25:41:242 (00015052) > [Render] Working set: 4424MB Page file: 11134MB Video Budget: 7367MB Video Usage: 4166MB Sys Budget: 7463MB Sys Usage: 329MB Tex Usage: 783MB Tex Budget: 1000MB BVH heaps: 100MB BVH size: 85MB Demoted: 0MB fps: 60.166668
20:26:41:232 (00015052) > [Render] Working set: 4424MB Page file: 11134MB Video Budget: 7367MB Video Usage: 4167MB Sys Budget: 7463MB Sys Usage: 329MB Tex Usage: 783MB Tex Budget: 1000MB BVH heaps: 100MB BVH size: 85MB Demoted: 0MB fps: 60.066669
20:27:18:952 (00012836) > [Save] Request save type 0, control 0
20:27:18:952 (00012836) > [Save] Request save type 0, control 0
20:27:41:244 (00015052) > [Render] Working set: 4436MB Page file: 11160MB Video Budget: 7367MB Video Usage: 4179MB Sys Budget: 7463MB Sys Usage: 339MB Tex Usage: 795MB Tex Budget: 1000MB BVH heaps: 100MB BVH size: 85MB Demoted: 0MB fps: 59.866669
20:27:47:237 (00012836) > [Save] Request save type 0, control 0
20:27:47:239 (00012836) > [Save] Request save type 0, control 0
20:27:48:000 (00012836) > [Save] Request save type 0, control 36
20:27:59:299 (00012836) > [Save] Request save type 0, control 0
20:27:59:300 (00012836) > [Save] Request save type 0, control 256
20:27:59:300 (00012836) > [Save] Request save type 0, control 0
20:27:59:325 (00012836) > [Save] Request save type 0, control 0
20:28:02:328 (00012836) > [Save] Request save type 0, control 0
20:28:41:253 (00015052) > [Render] Working set: 4486MB Page file: 11039MB Video Budget: 7367MB Video Usage: 4050MB Sys Budget: 7463MB Sys Usage: 339MB Tex Usage: 726MB Tex Budget: 1000MB BVH heaps: 100MB BVH size: 88MB Demoted: 0MB fps: 54.383335
20:28:43:420 (00012836) > [Save] Request save type 0, control 0
20:28:43:420 (00012836) > [Save] Request save type 0, control 0
20:29:41:261 (00015052) > [Render] Working set: 4506MB Page file: 11061MB Video Budget: 7367MB Video Usage: 4072MB Sys Budget: 7463MB Sys Usage: 339MB Tex Usage: 731MB Tex Budget: 1000MB BVH heaps: 100MB BVH size: 88MB Demoted: 0MB fps: 52.133335
20:30:41:253 (00015052) > [Render] Working set: 4509MB Page file: 11061MB Video Budget: 7367MB Video Usage: 4072MB Sys Budget: 7463MB Sys Usage: 339MB Tex Usage: 731MB Tex Budget: 1000MB BVH heaps: 100MB BVH size: 88MB Demoted: 0MB fps: 54.583336
20:31:01:509 (00012836) > [Save] Request save type 0, control 0
20:31:01:509 (00012836) > [Save] Request save type 0, control 0
20:31:36:991 (00012836) > [Save] Request save type 0, control 0
20:31:36:991 (00012836) > [Save] Request save type 0, control 0
20:31:41:251 (00015052) > [Render] Working set: 4520MB Page file: 11067MB Video Budget: 7367MB Video Usage: 4072MB Sys Budget: 7463MB Sys Usage: 339MB Tex Usage: 726MB Tex Budget: 1000MB BVH heaps: 100MB BVH size: 85MB Demoted: 0MB fps: 56.100002
20:32:15:566 (00012836) > [Save] Request save type 0, control 0
20:32:15:566 (00012836) > [Save] Request save type 0, control 0
20:32:35:559 (00012836) > [Save] Request save type 0, control 0
20:32:35:959 (00012836) > [Save] Request save type 0, control 36
20:32:38:629 (00006564) > [PSN] GetRegisteredAccount: 404
20:32:38:860 (00006564) > [PSN] NewRegistrationURL: 200
20:32:38:860 (00005328) > [PSN] 
20:32:41:259 (00015052) > [Render] Working set: 4539MB Page file: 11231MB Video Budget: 7367MB Video Usage: 4166MB Sys Budget: 7463MB Sys Usage: 339MB Tex Usage: 853MB Tex Budget: 1000MB BVH heaps: 100MB BVH size: 85MB Demoted: 0MB fps: 57.616669
20:32:41:879 (00012836) > [Save] Request load save type 0, control 128, target -1
20:32:44:437 (00012836) > [App] Quit requested from menu
20:32:44:958 (00009600) > [Audio] Device removed 0x0
20:32:45:053 (00012836) > [NxApp] Destroying
20:32:45:068 (00012836) > [DXGI] Destroyed swapchain.
20:32:45:068 (00012836) > [SwapChain] Destroyed.
20:32:45:068 (00012836) > [SwapChain] Released.
20:32:45:068 (00012836) > [Render] Unloading ADL...
20:32:45:071 (00012836) > [Render] Done unloading ADL
20:32:45:073 (00012836) > [DXGI] Destroyed swapchain.
20:32:45:073 (00012836) > [DXGI] Released.
--- NIXXES log closed ---
