[2026-06-25 20:22:46.600] [ 11052] [1CE0] ===================================
[2026-06-25 20:22:46.602] [ 11052] [1CE0] Browser process opened from pid: 4220
[2026-06-25 20:22:46.602] [ 11052] [1CE0] Language: pt
[2026-06-25 20:22:46.603] [ 11052] [1CE0] Connecting to IPC channel: rgsc_ipc_107c_channel_0
[2026-06-25 20:22:46.605] [ 11052] [1CE0] Product version: RockstarGames/2.4.0.216/1.0.107.2944/launcher/Steam
[2026-06-25 20:22:46.734] [ 11052] [1CE0] OnChannelConnected - rgsc_ipc_107c_channel_0 (remoteProcessId 4220)
[2026-06-25 20:22:46.962] [ 11052] [1CE0] Renderer[1][14468] IPC Channel Response: 14468 -> rgsc_ipc_107c_channel_1
[2026-06-25 20:22:46.962] [ 11052] [1CE0] Renderer[1][14468] Connecting to IPC channel: rgsc_ipc_107c_channel_1
[2026-06-25 20:22:47.053] [ 11052] [1CE0] Renderer[1][14468] OnChannelConnected - rgsc_ipc_107c_channel_1 (remoteProcessId 4220)
[2026-06-25 20:23:37.260] [ 11052] [1CE0] Renderer[2][9024] IPC Channel Response: 9024 -> rgsc_ipc_39e0_channel_0
[2026-06-25 20:23:37.260] [ 11052] [1CE0] Renderer[2][9024] Connecting to IPC channel: rgsc_ipc_39e0_channel_0
[2026-06-25 20:23:37.275] [ 11052] [1CE0] Renderer[2][9024] OnChannelConnected - rgsc_ipc_39e0_channel_0 (remoteProcessId 14816)
[2026-06-25 20:24:06.645] [ 11052] [1CE0] Renderer[2][9024] OnChannelError() - rgsc_ipc_39e0_channel_0
[2026-06-25 20:24:07.566] [ 11052] [1CE0] OnChannelError() - rgsc_ipc_107c_channel_0
[2026-06-25 20:24:07.566] [ 11052] [1CE0] Shutdown requested
[2026-06-25 20:24:09.570] [ 11052] [1CE0] Timed out waiting for windows to close on shutdown
[2026-06-25 20:24:09.586] [ 11052] [1CE0] MainMessageLoopInternalPump - Preparing to shutdown
[2026-06-25 20:24:12.734] [ 11052] [1CE0] MainMessageLoopInternalPump - Shutdown
[2026-06-25 20:29:10.843] [  5012] [1388] ===================================
[2026-06-25 20:29:10.843] [  5012] [1388] Browser process opened from pid: 12348
[2026-06-25 20:29:10.843] [  5012] [1388] Language: pt
[2026-06-25 20:29:10.845] [  5012] [1388] Connecting to IPC channel: rgsc_ipc_303c_channel_0
[2026-06-25 20:29:10.846] [  5012] [1388] Product version: RockstarGames/2.4.0.216/1.0.107.2944/launcher/Steam
[2026-06-25 20:29:10.970] [  5012] [1388] OnChannelConnected - rgsc_ipc_303c_channel_0 (remoteProcessId 12348)
[2026-06-25 20:29:11.979] [  5012] [1388] Renderer[1][14180] IPC Channel Response: 14180 -> rgsc_ipc_303c_channel_1
[2026-06-25 20:29:11.979] [  5012] [1388] Renderer[1][14180] Connecting to IPC channel: rgsc_ipc_303c_channel_1
[2026-06-25 20:29:12.040] [  5012] [1388] Renderer[1][14180] OnChannelConnected - rgsc_ipc_303c_channel_1 (remoteProcessId 12348)
[2026-06-25 20:29:14.395] [  5012] [1388] Renderer[2][7244] IPC Channel Response: 7244 -> rgsc_ipc_303c_channel_2
[2026-06-25 20:29:14.395] [  5012] [1388] Renderer[2][7244] Connecting to IPC channel: rgsc_ipc_303c_channel_2
[2026-06-25 20:29:14.477] [  5012] [1388] Renderer[2][7244] OnChannelConnected - rgsc_ipc_303c_channel_2 (remoteProcessId 12348)
[2026-06-25 20:30:17.248] [  5012] [1388] Renderer[3][6028] IPC Channel Response: 6028 -> rgsc_ipc_3664_channel_0
[2026-06-25 20:30:17.248] [  5012] [1388] Renderer[3][6028] Connecting to IPC channel: rgsc_ipc_3664_channel_0
[2026-06-25 20:30:17.279] [  5012] [1388] Renderer[3][6028] OnChannelConnected - rgsc_ipc_3664_channel_0 (remoteProcessId 13924)
[2026-06-25 20:58:42.550] [  5012] [1388] Renderer[3][6836] IPC Channel Response: 6836 -> rgsc_ipc_3664_channel_1
[2026-06-25 20:58:42.551] [  5012] [1388] Renderer[3][6836] Connecting to IPC channel: rgsc_ipc_3664_channel_1
[2026-06-25 20:58:42.580] [  5012] [1388] Renderer[3][6836] OnChannelConnected - rgsc_ipc_3664_channel_1 (remoteProcessId 13924)
[2026-06-25 21:17:47.962] [  5012] [1388] OnChannelError() - rgsc_ipc_303c_channel_0
[2026-06-25 21:17:47.962] [  5012] [1388] Shutdown requested
[2026-06-25 21:17:49.968] [  5012] [1388] Timed out waiting for windows to close on shutdown
[2026-06-25 21:17:49.983] [  5012] [1388] MainMessageLoopInternalPump - Preparing to shutdown
[2026-06-25 21:17:53.099] [  5012] [1388] MainMessageLoopInternalPump - Shutdown
[2026-06-25 22:30:13.547] [  3468] [ 59C] ===================================
[2026-06-25 22:30:13.549] [  3468] [ 59C] Browser process opened from pid: 13760
[2026-06-25 22:30:13.549] [  3468] [ 59C] Language: pt
[2026-06-25 22:30:13.550] [  3468] [ 59C] Connecting to IPC channel: rgsc_ipc_35c0_channel_0
[2026-06-25 22:30:13.555] [  3468] [ 59C] Product version: RockstarGames/2.4.0.216/1.0.107.2944/launcher/Steam
[2026-06-25 22:30:14.007] [  3468] [ 59C] OnChannelConnected - rgsc_ipc_35c0_channel_0 (remoteProcessId 13760)
[2026-06-25 22:30:14.381] [  3468] [ 59C] Renderer[1][11584] IPC Channel Response: 11584 -> rgsc_ipc_35c0_channel_1
[2026-06-25 22:30:14.381] [  3468] [ 59C] Renderer[1][11584] Connecting to IPC channel: rgsc_ipc_35c0_channel_1
[2026-06-25 22:30:14.433] [  3468] [ 59C] Renderer[1][11584] OnChannelConnected - rgsc_ipc_35c0_channel_1 (remoteProcessId 13760)
[2026-06-25 22:30:34.810] [  3468] [ 59C] Renderer[2][14748] IPC Channel Response: 14748 -> rgsc_ipc_1cc4_channel_0
[2026-06-25 22:30:34.811] [  3468] [ 59C] Renderer[2][14748] Connecting to IPC channel: rgsc_ipc_1cc4_channel_0
[2026-06-25 22:30:34.850] [  3468] [ 59C] Renderer[2][14748] OnChannelConnected - rgsc_ipc_1cc4_channel_0 (remoteProcessId 7364)
[2026-06-25 22:31:13.646] [  3468] [ 59C] OnChannelError() - rgsc_ipc_35c0_channel_0
[2026-06-25 22:31:13.646] [  3468] [ 59C] Shutdown requested
[2026-06-25 22:31:15.656] [  3468] [ 59C] Timed out waiting for windows to close on shutdown
[2026-06-25 22:31:15.671] [  3468] [ 59C] MainMessageLoopInternalPump - Preparing to shutdown
[2026-06-25 22:31:18.737] [  3468] [ 59C] MainMessageLoopInternalPump - Shutdown
[2026-06-25 22:31:58.380] [  4648] [2418] ===================================
[2026-06-25 22:31:58.380] [  4648] [2418] Browser process opened from pid: 412
[2026-06-25 22:31:58.380] [  4648] [2418] Language: pt
[2026-06-25 22:31:58.381] [  4648] [2418] Connecting to IPC channel: rgsc_ipc_19c_channel_0
[2026-06-25 22:31:58.383] [  4648] [2418] Product version: RockstarGames/2.4.0.216/1.0.107.2944/launcher/Steam
[2026-06-25 22:31:58.509] [  4648] [2418] OnChannelConnected - rgsc_ipc_19c_channel_0 (remoteProcessId 412)
[2026-06-25 22:31:58.732] [  4648] [2418] Renderer[1][1436] IPC Channel Response: 1436 -> rgsc_ipc_19c_channel_1
[2026-06-25 22:31:58.734] [  4648] [2418] Renderer[1][1436] Connecting to IPC channel: rgsc_ipc_19c_channel_1
[2026-06-25 22:31:58.812] [  4648] [2418] Renderer[1][1436] OnChannelConnected - rgsc_ipc_19c_channel_1 (remoteProcessId 412)
[2026-06-25 22:32:18.388] [  4648] [2418] Renderer[2][15296] IPC Channel Response: 15296 -> rgsc_ipc_11cc_channel_0
[2026-06-25 22:32:18.389] [  4648] [2418] Renderer[2][15296] Connecting to IPC channel: rgsc_ipc_11cc_channel_0
[2026-06-25 22:32:18.468] [  4648] [2418] Renderer[2][15296] OnChannelConnected - rgsc_ipc_11cc_channel_0 (remoteProcessId 4556)
[2026-06-25 22:42:24.445] [  4648] [2418] OnChannelError() - rgsc_ipc_19c_channel_0
[2026-06-25 22:42:24.445] [  4648] [2418] Shutdown requested
[2026-06-25 22:42:26.445] [  4648] [2418] Timed out waiting for windows to close on shutdown
[2026-06-25 22:42:26.461] [  4648] [2418] MainMessageLoopInternalPump - Preparing to shutdown
[2026-06-25 22:42:29.679] [  4648] [2418] MainMessageLoopInternalPump - Shutdown
[2026-06-26 14:01:12.890] [ 12400] [ C1C] ===================================
[2026-06-26 14:01:12.890] [ 12400] [ C1C] Browser process opened from pid: 1864
[2026-06-26 14:01:12.890] [ 12400] [ C1C] Language: pt
[2026-06-26 14:01:12.891] [ 12400] [ C1C] Connecting to IPC channel: rgsc_ipc_748_channel_0
[2026-06-26 14:01:12.897] [ 12400] [ C1C] Product version: RockstarGames/2.4.0.216/1.0.107.2944/launcher/Steam
[2026-06-26 14:01:13.348] [ 12400] [ C1C] OnChannelConnected - rgsc_ipc_748_channel_0 (remoteProcessId 1864)
[2026-06-26 14:01:13.772] [ 12400] [ C1C] Renderer[1][10748] IPC Channel Response: 10748 -> rgsc_ipc_748_channel_1
[2026-06-26 14:01:13.772] [ 12400] [ C1C] Renderer[1][10748] Connecting to IPC channel: rgsc_ipc_748_channel_1
[2026-06-26 14:01:13.818] [ 12400] [ C1C] Renderer[1][10748] OnChannelConnected - rgsc_ipc_748_channel_1 (remoteProcessId 1864)
[2026-06-26 14:01:34.877] [ 12400] [ C1C] Renderer[2][14688] IPC Channel Response: 14688 -> rgsc_ipc_4d8_channel_0
[2026-06-26 14:01:34.877] [ 12400] [ C1C] Renderer[2][14688] Connecting to IPC channel: rgsc_ipc_4d8_channel_0
[2026-06-26 14:01:34.913] [ 12400] [ C1C] Renderer[2][14688] OnChannelConnected - rgsc_ipc_4d8_channel_0 (remoteProcessId 1240)
[2026-06-26 15:03:35.724] [ 12400] [ C1C] OnChannelError() - rgsc_ipc_748_channel_0
[2026-06-26 15:03:35.724] [ 12400] [ C1C] Shutdown requested
[2026-06-26 15:03:37.729] [ 12400] [ C1C] Timed out waiting for windows to close on shutdown
[2026-06-26 15:03:37.745] [ 12400] [ C1C] MainMessageLoopInternalPump - Preparing to shutdown
[2026-06-26 15:03:40.837] [ 12400] [ C1C] MainMessageLoopInternalPump - Shutdown
[2026-06-27 13:28:03.078] [  8056] [23C0] ===================================
[2026-06-27 13:28:03.078] [  8056] [23C0] Browser process opened from pid: 12632
[2026-06-27 13:28:03.079] [  8056] [23C0] Language: pt
[2026-06-27 13:28:03.081] [  8056] [23C0] Connecting to IPC channel: rgsc_ipc_3158_channel_0
[2026-06-27 13:28:03.084] [  8056] [23C0] Product version: RockstarGames/2.4.0.216/1.0.107.2944/launcher/Steam
[2026-06-27 13:28:03.529] [  8056] [23C0] OnChannelConnected - rgsc_ipc_3158_channel_0 (remoteProcessId 12632)
[2026-06-27 13:28:03.927] [  8056] [23C0] Renderer[1][13648] IPC Channel Response: 13648 -> rgsc_ipc_3158_channel_1
[2026-06-27 13:28:03.927] [  8056] [23C0] Renderer[1][13648] Connecting to IPC channel: rgsc_ipc_3158_channel_1
[2026-06-27 13:28:03.957] [  8056] [23C0] Renderer[1][13648] OnChannelConnected - rgsc_ipc_3158_channel_1 (remoteProcessId 12632)
[2026-06-27 13:28:24.902] [  8056] [23C0] Renderer[2][7636] IPC Channel Response: 7636 -> rgsc_ipc_3640_channel_0
[2026-06-27 13:28:24.902] [  8056] [23C0] Renderer[2][7636] Connecting to IPC channel: rgsc_ipc_3640_channel_0
[2026-06-27 13:28:24.948] [  8056] [23C0] Renderer[2][7636] OnChannelConnected - rgsc_ipc_3640_channel_0 (remoteProcessId 13888)
[2026-06-27 13:36:25.438] [  8056] [23C0] OnChannelError() - rgsc_ipc_3158_channel_0
[2026-06-27 13:36:25.438] [  8056] [23C0] Shutdown requested
[2026-06-27 13:36:27.451] [  8056] [23C0] Timed out waiting for windows to close on shutdown
[2026-06-27 13:36:27.468] [  8056] [23C0] MainMessageLoopInternalPump - Preparing to shutdown
[2026-06-27 13:36:30.675] [  8056] [23C0] MainMessageLoopInternalPump - Shutdown
[2026-06-27 21:02:05.075] [ 14356] [3818] ===================================
[2026-06-27 21:02:05.077] [ 14356] [3818] Browser process opened from pid: 13440
[2026-06-27 21:02:05.077] [ 14356] [3818] Language: pt
[2026-06-27 21:02:05.078] [ 14356] [3818] Connecting to IPC channel: rgsc_ipc_3480_channel_0
[2026-06-27 21:02:05.083] [ 14356] [3818] Product version: RockstarGames/2.4.0.216/1.0.107.2944/launcher/Steam
[2026-06-27 21:02:05.542] [ 14356] [3818] OnChannelConnected - rgsc_ipc_3480_channel_0 (remoteProcessId 13440)
[2026-06-27 21:02:05.952] [ 14356] [3818] Renderer[1][14908] IPC Channel Response: 14908 -> rgsc_ipc_3480_channel_1
[2026-06-27 21:02:05.952] [ 14356] [3818] Renderer[1][14908] Connecting to IPC channel: rgsc_ipc_3480_channel_1
[2026-06-27 21:02:06.003] [ 14356] [3818] Renderer[1][14908] OnChannelConnected - rgsc_ipc_3480_channel_1 (remoteProcessId 13440)
[2026-06-27 21:02:26.541] [ 14356] [3818] Renderer[2][9064] IPC Channel Response: 9064 -> rgsc_ipc_3b2c_channel_0
[2026-06-27 21:02:26.541] [ 14356] [3818] Renderer[2][9064] Connecting to IPC channel: rgsc_ipc_3b2c_channel_0
[2026-06-27 21:02:26.543] [ 14356] [3818] Renderer[2][9064] OnChannelConnected - rgsc_ipc_3b2c_channel_0 (remoteProcessId 15148)
[2026-06-27 22:30:45.904] [ 14356] [3818] OnChannelError() - rgsc_ipc_3480_channel_0
[2026-06-27 22:30:45.904] [ 14356] [3818] Shutdown requested
[2026-06-27 22:30:47.917] [ 14356] [3818] Timed out waiting for windows to close on shutdown
[2026-06-27 22:30:47.933] [ 14356] [3818] MainMessageLoopInternalPump - Preparing to shutdown
[2026-06-27 22:30:51.121] [ 14356] [3818] MainMessageLoopInternalPump - Shutdown
[2026-06-28 08:58:58.075] [  4880] [33B4] ===================================
[2026-06-28 08:58:58.076] [  4880] [33B4] Browser process opened from pid: 11356
[2026-06-28 08:58:58.076] [  4880] [33B4] Language: pt
[2026-06-28 08:58:58.078] [  4880] [33B4] Connecting to IPC channel: rgsc_ipc_2c5c_channel_0
[2026-06-28 08:58:58.081] [  4880] [33B4] Product version: RockstarGames/2.4.0.216/1.0.107.2944/launcher/Steam
[2026-06-28 08:58:58.543] [  4880] [33B4] OnChannelConnected - rgsc_ipc_2c5c_channel_0 (remoteProcessId 11356)
[2026-06-28 08:58:58.933] [  4880] [33B4] Renderer[1][13680] IPC Channel Response: 13680 -> rgsc_ipc_2c5c_channel_1
[2026-06-28 08:58:58.933] [  4880] [33B4] Renderer[1][13680] Connecting to IPC channel: rgsc_ipc_2c5c_channel_1
[2026-06-28 08:58:58.963] [  4880] [33B4] Renderer[1][13680] OnChannelConnected - rgsc_ipc_2c5c_channel_1 (remoteProcessId 11356)
[2026-06-28 08:59:19.672] [  4880] [33B4] Renderer[2][14632] IPC Channel Response: 14632 -> rgsc_ipc_365c_channel_0
[2026-06-28 08:59:19.672] [  4880] [33B4] Renderer[2][14632] Connecting to IPC channel: rgsc_ipc_365c_channel_0
[2026-06-28 08:59:19.672] [  4880] [33B4] Renderer[2][14632] OnChannelConnected - rgsc_ipc_365c_channel_0 (remoteProcessId 13916)
[2026-06-28 10:13:37.561] [  4880] [33B4] OnChannelError() - rgsc_ipc_2c5c_channel_0
[2026-06-28 10:13:37.561] [  4880] [33B4] Shutdown requested
[2026-06-28 10:13:39.575] [  4880] [33B4] Timed out waiting for windows to close on shutdown
[2026-06-28 10:13:39.590] [  4880] [33B4] MainMessageLoopInternalPump - Preparing to shutdown
[2026-06-28 10:13:42.698] [  4880] [33B4] MainMessageLoopInternalPump - Shutdown
[2026-06-28 10:32:48.953] [ 12396] [13A0] ===================================
[2026-06-28 10:32:48.954] [ 12396] [13A0] Browser process opened from pid: 12500
[2026-06-28 10:32:48.954] [ 12396] [13A0] Language: pt
[2026-06-28 10:32:48.956] [ 12396] [13A0] Connecting to IPC channel: rgsc_ipc_30d4_channel_0
[2026-06-28 10:32:48.960] [ 12396] [13A0] Product version: RockstarGames/2.4.0.216/1.0.107.2944/launcher/Steam
[2026-06-28 10:32:49.448] [ 12396] [13A0] OnChannelConnected - rgsc_ipc_30d4_channel_0 (remoteProcessId 12500)
[2026-06-28 10:32:49.845] [ 12396] [13A0] Renderer[1][13812] IPC Channel Response: 13812 -> rgsc_ipc_30d4_channel_1
[2026-06-28 10:32:49.845] [ 12396] [13A0] Renderer[1][13812] Connecting to IPC channel: rgsc_ipc_30d4_channel_1
[2026-06-28 10:32:49.882] [ 12396] [13A0] Renderer[1][13812] OnChannelConnected - rgsc_ipc_30d4_channel_1 (remoteProcessId 12500)
[2026-06-28 10:33:10.606] [ 12396] [13A0] Renderer[2][14616] IPC Channel Response: 14616 -> rgsc_ipc_36ec_channel_0
[2026-06-28 10:33:10.607] [ 12396] [13A0] Renderer[2][14616] Connecting to IPC channel: rgsc_ipc_36ec_channel_0
[2026-06-28 10:33:10.652] [ 12396] [13A0] Renderer[2][14616] OnChannelConnected - rgsc_ipc_36ec_channel_0 (remoteProcessId 14060)
[2026-06-28 10:43:28.477] [ 12396] [13A0] OnChannelError() - rgsc_ipc_30d4_channel_0
[2026-06-28 10:43:28.477] [ 12396] [13A0] Shutdown requested
[2026-06-28 10:43:30.482] [ 12396] [13A0] Timed out waiting for windows to close on shutdown
[2026-06-28 10:43:30.499] [ 12396] [13A0] MainMessageLoopInternalPump - Preparing to shutdown
[2026-06-28 10:43:33.718] [ 12396] [13A0] MainMessageLoopInternalPump - Shutdown
[2026-06-28 12:54:19.425] [  2608] [2958] ===================================
[2026-06-28 12:54:19.425] [  2608] [2958] Browser process opened from pid: 9524
[2026-06-28 12:54:19.427] [  2608] [2958] Language: pt
[2026-06-28 12:54:19.427] [  2608] [2958] Connecting to IPC channel: rgsc_ipc_2534_channel_0
[2026-06-28 12:54:19.431] [  2608] [2958] Product version: RockstarGames/2.4.0.216/1.0.107.2944/launcher/Steam
[2026-06-28 12:54:19.890] [  2608] [2958] OnChannelConnected - rgsc_ipc_2534_channel_0 (remoteProcessId 9524)
[2026-06-28 12:54:20.292] [  2608] [2958] Renderer[1][13816] IPC Channel Response: 13816 -> rgsc_ipc_2534_channel_1
[2026-06-28 12:54:20.292] [  2608] [2958] Renderer[1][13816] Connecting to IPC channel: rgsc_ipc_2534_channel_1
[2026-06-28 12:54:20.323] [  2608] [2958] Renderer[1][13816] OnChannelConnected - rgsc_ipc_2534_channel_1 (remoteProcessId 9524)
[2026-06-28 12:54:41.147] [  2608] [2958] Renderer[2][14352] IPC Channel Response: 14352 -> rgsc_ipc_36ec_channel_0
[2026-06-28 12:54:41.147] [  2608] [2958] Renderer[2][14352] Connecting to IPC channel: rgsc_ipc_36ec_channel_0
[2026-06-28 12:54:41.149] [  2608] [2958] Renderer[2][14352] OnChannelConnected - rgsc_ipc_36ec_channel_0 (remoteProcessId 14060)
[2026-06-28 14:25:31.207] [  2608] [2958] OnChannelError() - rgsc_ipc_2534_channel_0
[2026-06-28 14:25:31.207] [  2608] [2958] Shutdown requested
[2026-06-28 14:25:33.209] [  2608] [2958] Timed out waiting for windows to close on shutdown
[2026-06-28 14:25:33.225] [  2608] [2958] MainMessageLoopInternalPump - Preparing to shutdown
[2026-06-28 14:25:36.442] [  2608] [2958] MainMessageLoopInternalPump - Shutdown
[2026-06-28 21:14:53.662] [ 12964] [24AC] ===================================
[2026-06-28 21:14:53.662] [ 12964] [24AC] Browser process opened from pid: 4508
[2026-06-28 21:14:53.664] [ 12964] [24AC] Language: pt
[2026-06-28 21:14:53.664] [ 12964] [24AC] Connecting to IPC channel: rgsc_ipc_119c_channel_0
[2026-06-28 21:14:53.668] [ 12964] [24AC] Product version: RockstarGames/2.4.0.216/1.0.107.2944/launcher/Steam
[2026-06-28 21:14:54.130] [ 12964] [24AC] OnChannelConnected - rgsc_ipc_119c_channel_0 (remoteProcessId 4508)
[2026-06-28 21:14:54.536] [ 12964] [24AC] Renderer[1][13832] IPC Channel Response: 13832 -> rgsc_ipc_119c_channel_1
[2026-06-28 21:14:54.536] [ 12964] [24AC] Renderer[1][13832] Connecting to IPC channel: rgsc_ipc_119c_channel_1
[2026-06-28 21:14:54.581] [ 12964] [24AC] Renderer[1][13832] OnChannelConnected - rgsc_ipc_119c_channel_1 (remoteProcessId 4508)
[2026-06-28 21:15:15.241] [ 12964] [24AC] Renderer[2][14420] IPC Channel Response: 14420 -> rgsc_ipc_3724_channel_0
[2026-06-28 21:15:15.247] [ 12964] [24AC] Renderer[2][14420] Connecting to IPC channel: rgsc_ipc_3724_channel_0
[2026-06-28 21:15:15.305] [ 12964] [24AC] Renderer[2][14420] OnChannelConnected - rgsc_ipc_3724_channel_0 (remoteProcessId 14116)
[2026-06-28 22:43:25.234] [ 12964] [24AC] OnChannelError() - rgsc_ipc_119c_channel_0
[2026-06-28 22:43:25.234] [ 12964] [24AC] Shutdown requested
[2026-06-28 22:43:27.236] [ 12964] [24AC] Timed out waiting for windows to close on shutdown
[2026-06-28 22:43:27.251] [ 12964] [24AC] MainMessageLoopInternalPump - Preparing to shutdown
[2026-06-28 22:43:30.407] [ 12964] [24AC] MainMessageLoopInternalPump - Shutdown
