[2026-06-25 20:29:06.832] [DISPLAY] [Main ] [fileutils] Checking version: C:\Program Files\Rockstar Games\Launcher\Launcher.exe
[2026-06-25 20:29:06.838] [DISPLAY] [Main ] [sysinfo] Getting video card
[2026-06-25 20:29:06.844] [DISPLAY] [Main ] [sysinfo] Reading vulkan version
[2026-06-25 20:29:06.852] [DISPLAY] [Main ] [dx12] Retrieving D3D12 graphics info
[2026-06-25 20:29:06.974] [DISPLAY] [Main ] [launcher] Opening log file.
[2026-06-25 20:29:06.976] [DISPLAY] [Main ] [startupinfo] Command line: "C:\Program Files\Rockstar Games\Launcher\Launcher.exe" -skipPatcherCheck -steamAppId=1174180 -steamLocation "C:\Program Files (x86)\Steam\steamapps\common\Red Dead Redemption 2" @args.txt -upgrade
[2026-06-25 20:29:06.976] [DISPLAY] [Main ] [startupinfo] P4 Version: Change 68534708
[2026-06-25 20:29:06.976] [DISPLAY] [Main ] [startupinfo] RGL Branch: release_rhf43f
[2026-06-25 20:29:06.976] [DISPLAY] [Main ] [startupinfo] Version:    1.0.107.2944
[2026-06-25 20:29:06.976] [DISPLAY] [Main ] [startupinfo] Process ID:    12348
[2026-06-25 20:29:06.976] [DISPLAY] [Main ] [startupinfo] Session ID:    b05c4c01-8f1b-11dc-b62e-e61bf1a2c422
[2026-06-25 20:29:06.976] [DISPLAY] [Main ] [startupinfo] Name Hash:     A96E3820
[2026-06-25 20:29:06.976] [DISPLAY] [Main ] [startupinfo] Parameters:
[2026-06-25 20:29:06.976] [DISPLAY] [Main ] [startupinfo]     C:\Program Files\Rockstar Games\Launcher\Launcher.exe
[2026-06-25 20:29:06.976] [DISPLAY] [Main ] [startupinfo]     -skipPatcherCheck
[2026-06-25 20:29:06.976] [DISPLAY] [Main ] [startupinfo]     -steamAppId=1174180
[2026-06-25 20:29:06.976] [DISPLAY] [Main ] [startupinfo]     -steamLocation
[2026-06-25 20:29:06.976] [DISPLAY] [Main ] [startupinfo]     C:\Program Files (x86)\Steam\steamapps\common\Red Dead Redemption 2
[2026-06-25 20:29:06.976] [DISPLAY] [Main ] [startupinfo]     @args.txt
[2026-06-25 20:29:06.976] [DISPLAY] [Main ] [startupinfo]     -upgrade
[2026-06-25 20:29:06.976] [DISPLAY] [Main ] [startup] Initial Working Directory: C:\Program Files\Rockstar Games\Launcher
[2026-06-25 20:29:06.976] [DISPLAY] [Main ] [startup] Working directory: C:\Program Files\Rockstar Games\Launcher
[2026-06-25 20:29:06.977] [DISPLAY] [Main ] [packfile] Initialize 'Launcher.rpf' - succeeded
[2026-06-25 20:29:06.977] [DISPLAY] [Main ] [localisation] Language updated to: 5
[2026-06-25 20:29:07.014] [DISPLAY] [Main ] [external] Creating Steam min mode launch
[2026-06-25 20:29:07.019] [DISPLAY] [Main ] [external] Steam App Id: 1174180
[2026-06-25 20:29:07.019] [DISPLAY] [Main ] [external] Steam Location: C:\Program Files (x86)\Steam\steamapps\common\Red Dead Redemption 2
[2026-06-25 20:29:07.020] [DISPLAY] [Main ] [metadatamanager] Read external Steam metadata: rdr2
[2026-06-25 20:29:07.020] [DISPLAY] [Main ] [external] App: rdr2
[2026-06-25 20:29:07.028] [ ERROR ] [Main ] [shell] Could not do OpenProcess on parent process.
[2026-06-25 20:29:07.028] [DISPLAY] [Main ] [external] Steam not detected as parent process
[2026-06-25 20:29:07.028] [DISPLAY] [Main ] [environment] SetEnvironment: prod
[2026-06-25 20:29:07.031] [ ERROR ] [Main ] [fileutils] Failed to delete directory: C:\Users\pedro\OneDrive\Documents\Rockstar Games\Social Club\Titles\GTAV Enhanced
[2026-06-25 20:29:07.031] [ ERROR ] [Main ] [fileutils] Failed to delete directory: C:\Users\pedro\OneDrive\Documents\Rockstar Games\Social Club\Titles\GTA IV
[2026-06-25 20:29:07.032] [ ERROR ] [Main ] [fileutils] Failed to delete directory: C:\Users\pedro\OneDrive\Documents\Rockstar Games\GTAV Enhanced\User Music
[2026-06-25 20:29:07.034] [DISPLAY] [Main ] [subsystem] Init phase 1
[2026-06-25 20:29:07.034] [DISPLAY] [Main ] [fileutils] Checking version: C:\Program Files\Rockstar Games\Launcher\RockstarService.exe
[2026-06-25 20:29:07.035] [DISPLAY] [Main ] [svc] Service version: 1.0.107.2944 (1.0.107.2944)
[2026-06-25 20:29:07.037] [DISPLAY] [Main ] [svc] Starting service (attempt 1 / 3)...
[2026-06-25 20:29:07.045] [DISPLAY] [Main ] [titlestorage] Installed titles:
[2026-06-25 20:29:07.045] [DISPLAY] [Main ] [titlestorage]  Title                             Progress               Version              Location                                                    
[2026-06-25 20:29:07.045] [DISPLAY] [Main ] [preqmanager] Could not get preq list from disk; no preqs known to be installed.
[2026-06-25 20:29:07.058] [DISPLAY] [Main ] [marketing_promo] Promotions view key available
[2026-06-25 20:29:07.058] [DISPLAY] [Main ] [subsystem] Initializing group 0...
[2026-06-25 20:29:07.058] [DISPLAY] [Main ] [subsystem] Init phase 2
[2026-06-25 20:29:07.058] [DISPLAY] [Main ] [subsystem] Starting systems...
[2026-06-25 20:29:07.153] [DISPLAY] [Main ] [minmode] Overriding language from external game launch: pt-BR
[2026-06-25 20:29:07.153] [DISPLAY] [Main ] [localisation] Language updated to: 5
[2026-06-25 20:29:07.153] [DISPLAY] [Main ] [subsystem] Starting diag...
[2026-06-25 20:29:07.153] [DISPLAY] [Main ] [fileutils] Checking local versions...
[2026-06-25 20:29:07.154] [DISPLAY] [Main ] [fileutils] Checking version: C:\Program Files\Rockstar Games\Social Club\socialclub.dll
[2026-06-25 20:29:07.156] [DISPLAY] [Main ] [fileutils] Checking RGL version...
[2026-06-25 20:29:07.156] [DISPLAY] [Main ] [fileutils] Version: 2.4.0.216 | 1.0.107.2944 | FFP
[2026-06-25 20:29:07.156] [DISPLAY] [Main ] [subsystem] Starting net...
[2026-06-25 20:29:07.175] [DISPLAY] [Main ] [subsystem] Assigning pools...
[2026-06-25 20:29:07.175] [DISPLAY] [Main ] [subsystem] Initializing engine...
[2026-06-25 20:29:07.175] [DISPLAY] [Main ] [subsystem] Initializing group 1...
[2026-06-25 20:29:07.186] [DISPLAY] [Main ] [svc] Connected to service (12348 -> 13700)
[2026-06-25 20:29:07.189] [DISPLAY] [Workr] [selfupdate] Up-to-date.
[2026-06-25 20:29:07.245] [DISPLAY] [bgsvc] [svc] Received response from service.
[2026-06-25 20:29:07.245] [DISPLAY] [bgsvc] [svc] Handshake received from service.
[2026-06-25 20:29:07.350] [DISPLAY] [Main ] [systemtray] System tray: enabled
[2026-06-25 20:29:07.356] [DISPLAY] [Main ] [launcher] Passed check: majorVersion(10.0.26200) >= 10
[2026-06-25 20:29:07.433] [DISPLAY] [Workr] [marketing_promo] No promotion manifest in memory, refreshing from cloud.
[2026-06-25 20:29:07.433] [DISPLAY] [Workr] [marketing_promo] Requesting new manifest
[2026-06-25 20:29:07.433] [DISPLAY] [Workr] [titlemanager] Downloading title list...
[2026-06-25 20:29:07.433] [DISPLAY] [Workr] [titlemanager] Downloading default title list (SCS)...
[2026-06-25 20:29:07.433] [DISPLAY] [Workr] [idownloader] Starting download of 'https://rgl-prod.ros.rockstargames.com/launcher/11/LauncherServices/App.asmx/GetDefaultApps?accessToken='
[2026-06-25 20:29:10.528] [DISPLAY] [Workr] [idownloader] Completed download of 'https://rgl-prod.ros.rockstargames.com/launcher/11/LauncherServices/App.asmx/GetDefaultApps?accessToken=' (status: 0/200)
[2026-06-25 20:29:10.528] [DISPLAY] [Workr] [services] Obtained NA-BAT
[2026-06-25 20:29:10.528] [DISPLAY] [Workr] [services] Parsed response from GetDefaultApps: 1 title(s), 1 branch(es)
[2026-06-25 20:29:10.528] [DISPLAY] [Workr] [titlemanager] Retrieved default title: launcher
[2026-06-25 20:29:10.528] [DISPLAY] [Workr] [titlemanager] Launcher tokens: BAT: false, NA-BAT: true
[2026-06-25 20:29:10.528] [DISPLAY] [Workr] [titlemanager] Title list updated.
[2026-06-25 20:29:10.532] [DISPLAY] [Workr] [launcher] Checking for prerequisite updates...
[2026-06-25 20:29:10.532] [DISPLAY] [Workr] [fileutils] Checking version: C:\Program Files\Rockstar Games\Launcher\Redistributables\SocialClub\Social-Club-Setup.exe
[2026-06-25 20:29:10.593] [DISPLAY] [Workr] [fileutils] Checking version: C:\Program Files\Rockstar Games\Social Club\socialclub.dll
[2026-06-25 20:29:10.595] [DISPLAY] [Workr] [selfupdate] The Social Club version available matches that currently installed (both: 2.4.0.216)
[2026-06-25 20:29:10.595] [DISPLAY] [Workr] [launcher] Checking minimum SDK requirement
[2026-06-25 20:29:10.595] [DISPLAY] [Workr] [fileutils] Checking version: C:\Program Files\Rockstar Games\Social Club\socialclub.dll
[2026-06-25 20:29:10.680] [DISPLAY] [Workr] [launcher] Completed Pre-initialization tasks
[2026-06-25 20:29:10.697] [DISPLAY] [Main ] [subsystem] Init phase 3
[2026-06-25 20:29:10.697] [DISPLAY] [Main ] [subsystem] RGL Offline Assets path: C:\Program Files\Rockstar Games\Launcher\offline.pak
[2026-06-25 20:29:10.697] [DISPLAY] [Main ] [subsystem] Intializing connection manager.
[2026-06-25 20:29:10.697] [DISPLAY] [Main ] [subsystem] Initializing RAGE networking.
[2026-06-25 20:29:10.790] [DISPLAY] [Workr] [dx11] Retrieving D3D11 device info
[2026-06-25 20:29:10.790] [DISPLAY] [Main ] [subsystem] Initializing group 2...
[2026-06-25 20:29:10.839] [DISPLAY] [Workr] [requirements] Retrieving system information
[2026-06-25 20:29:10.839] [DISPLAY] [Workr] [sysinfo] Getting available storage information
[2026-06-25 20:29:10.839] [DISPLAY] [Workr] [sysinfo] Checking disk mapping
[2026-06-25 20:29:10.916] [DISPLAY] [Workr] [sysinfo] Querying disk info
[2026-06-25 20:29:11.006] [DISPLAY] [Workr] [sysinfo] Getting video card
[2026-06-25 20:29:11.018] [DISPLAY] [Workr] [sysinfo] Reading vulkan version
[2026-06-25 20:29:11.025] [DISPLAY] [Workr] [dx12] Retrieving D3D12 graphics info
[2026-06-25 20:29:11.154] [DISPLAY] [Workr] [sysinfo] System Configuration: 
 CPU Info:
  ID: AMD64 Family 23 Model 96 Stepping 1
  Name: AMD Ryzen 5 4500 6-Core Processor              
  Clock Speed: 3.59 GHZ
  Physical Cores: 6
  Logical Cores: 12
  SSE 4.1: enabled
  SSE 4.2: enabled

 Disk 0 (C:\)
  Disk Type: NVMe
  Bytes Free: 78626598912
  Bytes Total: 254970687488

Memory Info:
 17179869184 B
 16 GB

 GPU 0
  Description: Radeon RX 570 Series
  Capacity (Bytes): 8531042304
  Display Capacity: 8.0 GB
[2026-06-25 20:29:11.157] [DISPLAY] [Workr] [idownloader] Starting download of 'https://gamedownloads-rockstargames-com.akamaized.net/public/marketing.json'
[2026-06-25 20:29:11.560] [DISPLAY] [Workr] [idownloader] Completed download of 'https://gamedownloads-rockstargames-com.akamaized.net/public/marketing.json' (status: 0/200)
[2026-06-25 20:29:11.658] [DISPLAY] [Workr] [fileutils] Could not enumerate files in folder 'C:\Users\pedro\AppData\Local\Rockstar Games\Launcher\IconCache', path not found.
[2026-06-25 20:29:13.339] [DISPLAY] [Main ] [sysinfo] Identified device Type: 0
[2026-06-25 20:29:13.514] [DISPLAY] [Main ] [launcher] Social Club UI has started.
[2026-06-25 20:29:13.514] [DISPLAY] [Main ] [fileutils] Checking version: C:\Program Files\Rockstar Games\Social Club\socialclub.dll
[2026-06-25 20:29:13.515] [DISPLAY] [Admin] [external] Setting up steam title: rdr2
[2026-06-25 20:29:13.515] [DISPLAY] [Admin] [external] Successfully setup title
[2026-06-25 20:29:13.544] [DISPLAY] [Main ] [external] Client is ready to attempt a launch.
[2026-06-25 20:29:13.547] [DISPLAY] [Main ] [launcher] Time to start up: 6869 ms
[2026-06-25 20:29:13.550] [DISPLAY] [Main ] [systemtray] System tray: enabled
[2026-06-25 20:29:13.604] [DISPLAY] [Main ] [ui_window_controller] UiWindowController::SetContext: Invalid -> Auth
[2026-06-25 20:29:13.604] [DISPLAY] [Main ] [ui_window_controller] UiWindowController::SetState: Invalid -> WaitForBrowser
[2026-06-25 20:29:13.605] [DISPLAY] [Main ] [ui_window_controller] UiWindowController::SetState: WaitForBrowser -> WaitForWindow
[2026-06-25 20:29:16.148] [DISPLAY] [Main ] [ui_window_controller] UiWindowController::SetState: WaitForWindow -> Active
[2026-06-25 20:29:16.196] [DISPLAY] [Main ] [ui_window_controller] UiWindowController::SetState: Active -> WaitForBrowser
[2026-06-25 20:29:16.196] [DISPLAY] [Main ] [ui_window_controller] UiWindowController::SetState: WaitForBrowser -> WaitForWindow
[2026-06-25 20:29:16.196] [DISPLAY] [Main ] [ui_window_controller] UiWindowController::SetState: WaitForWindow -> Active
[2026-06-25 20:29:40.603] [DISPLAY] [Main ] [ui_window_controller] UiWindowController::SetContext: Auth -> MainWindow
[2026-06-25 20:29:40.603] [DISPLAY] [Main ] [ui_window_controller] UiWindowController::SetState: Active -> WaitForBrowser
[2026-06-25 20:29:40.626] [DISPLAY] [Main ] [ui_mainwindow] Using DPI 96,96
[2026-06-25 20:29:40.626] [DISPLAY] [Main ] [ui_mainwindow] Using UI Scale: 1.00
[2026-06-25 20:29:40.628] [DISPLAY] [Main ] [ui_mainwindow] Using saved geometry: 321,241 (1278 x 600)
[2026-06-25 20:29:40.664] [DISPLAY] [Main ] [launcher] Presence Event - Signed In
[2026-06-25 20:29:40.664] [DISPLAY] [Main ] [launcher] User 'pedrinhobrjita' is now signed in
[2026-06-25 20:29:40.678] [DISPLAY] [Main ] [launcher] Presence Event :: Went Online
[2026-06-25 20:29:40.678] [DISPLAY] [Admin] [titlemanager] Downloading title list...
[2026-06-25 20:29:40.678] [DISPLAY] [Main ] [scuicallbacks] Enabling Downloading
[2026-06-25 20:29:40.679] [DISPLAY] [Admin] [titlemanager] Downloading title list (SCS)...
[2026-06-25 20:29:40.681] [DISPLAY] [Main ] [ui_window_controller] UiWindowController::SetState: WaitForBrowser -> WaitForWindow
[2026-06-25 20:29:40.681] [DISPLAY] [Main ] [ui_window_controller] UiWindowController::SetState: WaitForWindow -> Active
[2026-06-25 20:29:40.887] [DISPLAY] [Main ] [external] Attempting external title launch...
[2026-06-25 20:29:40.887] [DISPLAY] [Main ] [external] Attempting Steam launch. User is 'PEDRINHOBOLADINHO'
[2026-06-25 20:29:40.887] [DISPLAY] [Main ] [gamelaunch] Begin game launch: rdr2
[2026-06-25 20:29:40.887] [DISPLAY] [Main ] [gamelaunch] Flags: 11
[2026-06-25 20:29:40.887] [DISPLAY] [Main ] [gamelaunch] Path: C:\Program Files (x86)\Steam\steamapps\common\Red Dead Redemption 2
[2026-06-25 20:29:40.893] [DISPLAY] [Main ] [telemetrymanager] Secondary platform is set to: 2
[2026-06-25 20:29:40.895] [DISPLAY] [12524] [gamelaunch] Launch Folder: C:\Program Files (x86)\Steam\steamapps\common\Red Dead Redemption 2
[2026-06-25 20:29:40.895] [DISPLAY] [12524] [gamelaunch] Launch Path: C:\Program Files (x86)\Steam\steamapps\common\Red Dead Redemption 2\RDR2.exe
[2026-06-25 20:29:40.895] [DISPLAY] [12524] [fileutils] Checking version: C:\Program Files (x86)\Steam\steamapps\common\Red Dead Redemption 2\RDR2.exe
[2026-06-25 20:29:40.898] [DISPLAY] [12524] [gamelaunch] RGL is up to date (current: 1.0.107.2944, minimum: 1.0.26.268)
[2026-06-25 20:29:40.898] [DISPLAY] [12524] [fileutils] Checking version: C:\Program Files (x86)\Steam\steamapps\common\Red Dead Redemption 2\RDR2.exe
[2026-06-25 20:29:40.901] [DISPLAY] [12524] [gamelaunch] Red Dead Redemption 2 is up to date (current: 1.0.1491.50, minimum: 1.0.1311.12)
[2026-06-25 20:29:40.901] [DISPLAY] [12524] [fileutils] Checking version: C:\Program Files\Rockstar Games\Social Club\socialclub.dll
[2026-06-25 20:29:40.940] [DISPLAY] [Main ] [launcher] Friend Event - Friends are Available
[2026-06-25 20:29:41.161] [DISPLAY] [Main ] [scuicallbacks] Launch requested by user: rdr2, default
[2026-06-25 20:29:41.161] [WARNING] [Main ] [scuicallbacks] Second external launch requested from SCUI. Discarding (Requested: rdr2, Existing: rdr2)
[2026-06-25 20:29:42.304] [DISPLAY] [Main ] [services] Parsed response from GetApps: 22 title(s), 1 branch(es)
[2026-06-25 20:29:42.329] [DISPLAY] [Admin] [titlemanager] Title list updated.
[2026-06-25 20:29:43.713] [DISPLAY] [Admin] [titlemanager] Downloading title list...
[2026-06-25 20:29:43.713] [DISPLAY] [Admin] [titlemanager] Downloading title list (SCS)...
[2026-06-25 20:29:44.820] [DISPLAY] [Main ] [services] Parsed response from GetApps: 22 title(s), 4 branch(es)
[2026-06-25 20:29:44.840] [DISPLAY] [Admin] [titlemanager] Title list updated.
[2026-06-25 20:29:49.929] [DISPLAY] [Main ] [cloudsaveop] Cloud Save sync requested for app 'rdr2'
[2026-06-25 20:29:49.947] [DISPLAY] [Main ] [cloudsaveop] Starting cloud save enabled check for app 'rdr2'
[2026-06-25 20:29:56.229] [DISPLAY] [Main ] [cloudsaveop] Received cloud saves enabled state for app 'rdr2' = enabled
[2026-06-25 20:29:56.229] [DISPLAY] [Main ] [cloudsaveop] Identifying potential cloud save conflicts for app 'rdr2'
[2026-06-25 20:29:56.936] [DISPLAY] [Main ] [cloudsaveop] Received modification list of cloud save files for title 'rdr2'
[2026-06-25 20:29:56.936] [DISPLAY] [Main ] [cloudsaveop] Retrieving conflict metadata for app 'rdr2'
[2026-06-25 20:29:56.953] [DISPLAY] [Main ] [cloudsaveop] Downloaded conflict metadata for app 'rdr2'
[2026-06-25 20:29:56.953] [DISPLAY] [Main ] [cloudsaveop] Posting updated files for app 'rdr2'
[2026-06-25 20:29:56.970] [DISPLAY] [Main ] [cloudsaveop] File uploading completed for app 'rdr2'
[2026-06-25 20:29:56.970] [DISPLAY] [Main ] [cloudsaveop] Getting update files for app 'rdr2'
[2026-06-25 20:29:56.988] [DISPLAY] [Main ] [cloudsaveop] File downloading completed for app 'rdr2'
[2026-06-25 20:29:56.988] [DISPLAY] [Main ] [cloudsaveop] Deleting updated files for app 'rdr2'
[2026-06-25 20:29:57.005] [DISPLAY] [Main ] [cloudsaveop] Files deletion completed for app 'rdr2'
[2026-06-25 20:29:57.005] [DISPLAY] [Main ] [cloudsaveop] Swapping updated files in place for app 'rdr2'
[2026-06-25 20:29:57.023] [DISPLAY] [Main ] [cloudsaveop] Finished syncing cloud saves for app 'rdr2'
[2026-06-25 20:29:57.077] [DISPLAY] [net4 ] [audio] Valid Audio Device: true
[2026-06-25 20:29:58.190] [DISPLAY] [12524] [gamelaunch] Launching game...
[2026-06-25 20:29:58.190] [DISPLAY] [12524] [gamelaunch]  Path: C:\Program Files (x86)\Steam\steamapps\common\Red Dead Redemption 2\RDR2.exe
[2026-06-25 20:29:58.190] [DISPLAY] [12524] [gamelaunch]  Command Line: "C:\Program Files (x86)\Steam\steamapps\common\Red Dead Redemption 2\RDR2.exe" -skipPatcherCheck -steamLocation "C:\Program Files (x86)\Steam\steamapps\common\Red Dead Redemption 2" @args.txt -upgrade -enableCrashpad -useSteam -steamAppId=1174180 @commandline.txt -fromRGL -scDiscordClientId=643897785271189524 -rglLanguage=pt-BR
[2026-06-25 20:29:58.190] [DISPLAY] [12524] [gamelaunch]  Working Directory: C:\Program Files (x86)\Steam\steamapps\common\Red Dead Redemption 2
[2026-06-25 21:17:47.177] [DISPLAY] [12524] [gamelaunch] Game exited with code 0x0 (0)
[2026-06-25 21:17:47.188] [DISPLAY] [12524] [crashdetection] Reading game exit file...
[2026-06-25 21:17:47.189] [DISPLAY] [12524] [crashdetection] Updating exit code: 0x00000000
[2026-06-25 21:17:47.189] [WARNING] [12524] [crashdetection] Not found: ERROR_FILE_HASH
[2026-06-25 21:17:47.189] [DISPLAY] [12524] [crashdetection] No additional error information found.
[2026-06-25 21:17:47.189] [WARNING] [12524] [crashdetection] Not found: ERROR_MESSAGE
[2026-06-25 21:17:47.189] [DISPLAY] [12524] [crashdetection] No additional error message found.
[2026-06-25 21:17:47.189] [DISPLAY] [12524] [crashdetection] Deleting game exit file...
[2026-06-25 21:17:47.189] [DISPLAY] [12524] [crashdetection] Exit code 0x0 indicates a clean game shutdown
[2026-06-25 21:17:47.481] [DISPLAY] [12524] [launcher] Shutdown requested! Forced: false
[2026-06-25 21:17:47.482] [DISPLAY] [Main ] [launcher] StartShutdown - Now in progress
[2026-06-25 21:17:47.482] [DISPLAY] [Main ] [launcher] SHUTDOWN_REQUESTED -> SHUTDOWN_MAIN_WINDOW
[2026-06-25 21:17:47.482] [DISPLAY] [Main ] [launcher] SHUTDOWN_MAIN_WINDOW -> SHUTDOWN_STARTUP_WINDOW
[2026-06-25 21:17:47.482] [DISPLAY] [Main ] [launcher] SHUTDOWN_STARTUP_WINDOW -> SHUTDOWN_NOTIFICATION_MANAGER
[2026-06-25 21:17:47.482] [DISPLAY] [Main ] [launcher] SHUTDOWN_NOTIFICATION_MANAGER -> SHUTDOWN_GAME_LAUNCHER
[2026-06-25 21:17:47.482] [DISPLAY] [Main ] [launcher] SHUTDOWN_GAME_LAUNCHER -> SHUTDOWN_WINDOW_CONTROLLER
[2026-06-25 21:17:47.589] [DISPLAY] [Main ] [launcher] SHUTDOWN_WINDOW_CONTROLLER -> SHUTDOWN_STOP_WORKER_THREADS
[2026-06-25 21:17:47.589] [DISPLAY] [Main ] [launcher] SHUTDOWN_STOP_WORKER_THREADS -> SHUTDOWN_TITLES
[2026-06-25 21:17:47.589] [DISPLAY] [Main ] [launcher] SHUTDOWN_TITLES -> SHUTDOWN_DISK
[2026-06-25 21:17:47.589] [DISPLAY] [Main ] [launcher] SHUTDOWN_DISK -> SHUTDOWN_BACKGROUND_SERVICE
[2026-06-25 21:17:47.589] [DISPLAY] [Main ] [launcher] SHUTDOWN_BACKGROUND_SERVICE -> SHUTDOWN_TELEMETRY
[2026-06-25 21:17:47.589] [DISPLAY] [Main ] [launcher] SHUTDOWN_TELEMETRY -> SHUTDOWN_CACHED_REQUEST_MANAGER
[2026-06-25 21:17:47.589] [DISPLAY] [Main ] [launcher] SHUTDOWN_CACHED_REQUEST_MANAGER -> SHUTDOWN_SETTINGS_MANAGER
[2026-06-25 21:17:47.589] [DISPLAY] [Main ] [launcher] SHUTDOWN_SETTINGS_MANAGER -> SHUTDOWN_SDK
[2026-06-25 21:17:47.589] [DISPLAY] [Main ] [launcher] SHUTDOWN_SDK -> SHUTDOWN_PRESENCE
[2026-06-25 21:17:47.590] [DISPLAY] [Main ] [launcher] SHUTDOWN_PRESENCE -> SHUTDOWN_SUBSYSTEMS
[2026-06-25 21:17:47.590] [DISPLAY] [Main ] [launcher] SHUTDOWN_SUBSYSTEMS -> SHUTDOWN_IN_PROGRESS
[2026-06-25 21:17:47.590] [WARNING] [Main ] [worker] Not adding job (15) due to thread exiting
[2026-06-25 21:17:47.608] [WARNING] [Main ] [worker] Not adding job (5) due to thread exiting
[2026-06-25 21:17:47.661] [DISPLAY] [Main ] [launcher] Telemetry flushed
[2026-06-25 21:17:47.661] [DISPLAY] [Main ] [launcher] Window destroyed
[2026-06-25 21:17:47.661] [DISPLAY] [Main ] [launcher] SDK ready for shutdown
[2026-06-25 21:17:47.661] [DISPLAY] [Main ] [launcher] Notifications cleared
[2026-06-25 21:17:47.661] [DISPLAY] [Main ] [launcher] No games running
[2026-06-25 21:17:47.661] [DISPLAY] [Main ] [launcher] Worker Threads shutdown
[2026-06-25 21:17:47.713] [DISPLAY] [Main ] [launcher] Title state flushed
[2026-06-25 21:17:47.713] [DISPLAY] [Main ] [launcher] Disk state flushed
[2026-06-25 21:17:47.713] [DISPLAY] [Main ] [launcher] Cached Requests cleared
[2026-06-25 21:17:47.713] [DISPLAY] [Main ] [launcher] Settings saved
[2026-06-25 21:17:47.713] [DISPLAY] [Main ] [launcher] Presence signed out
[2026-06-25 21:17:47.713] [DISPLAY] [Main ] [launcher] All subsystems have shut down
[2026-06-25 21:17:47.713] [DISPLAY] [Main ] [launcher] SHUTDOWN_IN_PROGRESS -> SHUTDOWN_COMPLETE
[2026-06-25 21:17:47.713] [DISPLAY] [Main ] [app] Application quit requested (exit code: 0)
[2026-06-25 21:17:47.713] [DISPLAY] [Main ] [launcher] SHUTDOWN_COMPLETE -> SHUTDOWN_EXITING
[2026-06-25 21:17:47.774] [DISPLAY] [Main ] [svc] Stopping the background service.
