[2026-06-28 08:58:56.944] [DISPLAY] [Main ] [fileutils] Checking version: C:\Program Files\Rockstar Games\Launcher\Launcher.exe
[2026-06-28 08:58:56.952] [DISPLAY] [Main ] [sysinfo] Getting video card
[2026-06-28 08:58:56.960] [DISPLAY] [Main ] [sysinfo] Reading vulkan version
[2026-06-28 08:58:56.967] [DISPLAY] [Main ] [dx12] Retrieving D3D12 graphics info
[2026-06-28 08:58:57.112] [DISPLAY] [Main ] [launcher] Opening log file.
[2026-06-28 08:58:57.123] [DISPLAY] [Main ] [startupinfo] Command line: "C:\Program Files\Rockstar Games\Launcher\Launcher.exe" -skipPatcherCheck -steamAppId=1174180 -steamLocation "C:\Program Files (x86)\Steam\steamapps\common\Red Dead Redemption 2" @args.txt
[2026-06-28 08:58:57.123] [DISPLAY] [Main ] [startupinfo] P4 Version: Change 68534708
[2026-06-28 08:58:57.123] [DISPLAY] [Main ] [startupinfo] RGL Branch: release_rhf43f
[2026-06-28 08:58:57.123] [DISPLAY] [Main ] [startupinfo] Version:    1.0.107.2944
[2026-06-28 08:58:57.123] [DISPLAY] [Main ] [startupinfo] Process ID:    11356
[2026-06-28 08:58:57.123] [DISPLAY] [Main ] [startupinfo] Session ID:    bb543001-bb93-11b5-9c43-91bb41728dca
[2026-06-28 08:58:57.123] [DISPLAY] [Main ] [startupinfo] Name Hash:     A96E3820
[2026-06-28 08:58:57.123] [DISPLAY] [Main ] [startupinfo] Parameters:
[2026-06-28 08:58:57.123] [DISPLAY] [Main ] [startupinfo]     C:\Program Files\Rockstar Games\Launcher\Launcher.exe
[2026-06-28 08:58:57.123] [DISPLAY] [Main ] [startupinfo]     -skipPatcherCheck
[2026-06-28 08:58:57.123] [DISPLAY] [Main ] [startupinfo]     -steamAppId=1174180
[2026-06-28 08:58:57.123] [DISPLAY] [Main ] [startupinfo]     -steamLocation
[2026-06-28 08:58:57.123] [DISPLAY] [Main ] [startupinfo]     C:\Program Files (x86)\Steam\steamapps\common\Red Dead Redemption 2
[2026-06-28 08:58:57.123] [DISPLAY] [Main ] [startupinfo]     @args.txt
[2026-06-28 08:58:57.123] [DISPLAY] [Main ] [startup] Initial Working Directory: C:\Program Files (x86)\Steam\steamapps\common\Red Dead Redemption 2
[2026-06-28 08:58:57.123] [DISPLAY] [Main ] [startup] Working directory: C:\Program Files\Rockstar Games\Launcher
[2026-06-28 08:58:57.124] [DISPLAY] [Main ] [packfile] Initialize 'Launcher.rpf' - succeeded
[2026-06-28 08:58:57.126] [DISPLAY] [Main ] [localisation] Language updated to: 5
[2026-06-28 08:58:57.162] [DISPLAY] [Main ] [external] Creating Steam min mode launch
[2026-06-28 08:58:57.170] [DISPLAY] [Main ] [external] Steam App Id: 1174180
[2026-06-28 08:58:57.170] [DISPLAY] [Main ] [external] Steam Location: C:\Program Files (x86)\Steam\steamapps\common\Red Dead Redemption 2
[2026-06-28 08:58:57.171] [DISPLAY] [Main ] [metadatamanager] Read external Steam metadata: rdr2
[2026-06-28 08:58:57.173] [DISPLAY] [Main ] [external] App: rdr2
[2026-06-28 08:58:57.181] [DISPLAY] [Main ] [environment] SetEnvironment: prod
[2026-06-28 08:58:57.185] [ ERROR ] [Main ] [fileutils] Failed to delete directory: C:\Users\pedro\OneDrive\Documents\Rockstar Games\Social Club\Titles\GTAV Enhanced
[2026-06-28 08:58:57.187] [ ERROR ] [Main ] [fileutils] Failed to delete directory: C:\Users\pedro\OneDrive\Documents\Rockstar Games\Social Club\Titles\GTA IV
[2026-06-28 08:58:57.187] [ ERROR ] [Main ] [fileutils] Failed to delete directory: C:\Users\pedro\OneDrive\Documents\Rockstar Games\GTAV Enhanced\User Music
[2026-06-28 08:58:57.188] [DISPLAY] [Main ] [subsystem] Init phase 1
[2026-06-28 08:58:57.190] [DISPLAY] [Main ] [fileutils] Checking version: C:\Program Files\Rockstar Games\Launcher\RockstarService.exe
[2026-06-28 08:58:57.191] [DISPLAY] [Main ] [svc] Service version: 1.0.107.2944 (1.0.107.2944)
[2026-06-28 08:58:57.193] [DISPLAY] [Main ] [svc] Starting service (attempt 1 / 3)...
[2026-06-28 08:58:57.200] [DISPLAY] [Main ] [titlestorage] Installed titles:
[2026-06-28 08:58:57.200] [DISPLAY] [Main ] [titlestorage]  Title                             Progress               Version              Location                                                    
[2026-06-28 08:58:57.200] [DISPLAY] [Main ] [preqmanager] Could not get preq list from disk; no preqs known to be installed.
[2026-06-28 08:58:57.217] [DISPLAY] [Main ] [marketing_promo] Promotions view key available
[2026-06-28 08:58:57.217] [DISPLAY] [Main ] [subsystem] Initializing group 0...
[2026-06-28 08:58:57.217] [DISPLAY] [Main ] [subsystem] Init phase 2
[2026-06-28 08:58:57.217] [DISPLAY] [Main ] [subsystem] Starting systems...
[2026-06-28 08:58:57.282] [DISPLAY] [Main ] [minmode] Overriding language from external game launch: pt-BR
[2026-06-28 08:58:57.282] [DISPLAY] [Main ] [localisation] Language updated to: 5
[2026-06-28 08:58:57.282] [DISPLAY] [Main ] [subsystem] Starting diag...
[2026-06-28 08:58:57.282] [DISPLAY] [Main ] [fileutils] Checking local versions...
[2026-06-28 08:58:57.283] [DISPLAY] [Main ] [fileutils] Checking version: C:\Program Files\Rockstar Games\Social Club\socialclub.dll
[2026-06-28 08:58:57.286] [DISPLAY] [Main ] [fileutils] Checking RGL version...
[2026-06-28 08:58:57.286] [DISPLAY] [Main ] [fileutils] Version: 2.4.0.216 | 1.0.107.2944 | FFP
[2026-06-28 08:58:57.286] [DISPLAY] [Main ] [subsystem] Starting net...
[2026-06-28 08:58:57.306] [DISPLAY] [Main ] [subsystem] Assigning pools...
[2026-06-28 08:58:57.306] [DISPLAY] [Main ] [subsystem] Initializing engine...
[2026-06-28 08:58:57.306] [DISPLAY] [Main ] [subsystem] Initializing group 1...
[2026-06-28 08:58:57.324] [DISPLAY] [Workr] [selfupdate] Up-to-date.
[2026-06-28 08:58:57.494] [DISPLAY] [Main ] [systemtray] System tray: enabled
[2026-06-28 08:58:57.501] [DISPLAY] [Main ] [launcher] Passed check: majorVersion(10.0.26200) >= 10
[2026-06-28 08:58:57.539] [DISPLAY] [Main ] [svc] Connected to service (11356 -> 6588)
[2026-06-28 08:58:57.647] [DISPLAY] [bgsvc] [svc] Received response from service.
[2026-06-28 08:58:57.647] [DISPLAY] [bgsvc] [svc] Handshake received from service.
[2026-06-28 08:58:57.727] [DISPLAY] [http1] [idownloader] Starting download of 'https://gamedownloads-rockstargames-com.akamaized.net/public/launcher_online_config.xml'
[2026-06-28 08:58:57.727] [ ERROR ] [http1] [idownloader] Download error for https://gamedownloads-rockstargames-com.akamaized.net/public/launcher_online_config.xml
[2026-06-28 08:58:57.727] [ ERROR ] [http1] [idownloader] Error: O serviço de atualização da Rockstar está indisponível (código 234). Se continuar tendo problemas ao iniciar o jogo, contate o Suporte ao Cliente da Rockstar Games em https://support.rockstargames.com/br/.
[2026-06-28 08:58:57.727] [ ERROR ] [http1] [idownloader] Error code: 234 Result 400
[2026-06-28 08:58:57.727] [ ERROR ] [http1] [idownloader] Http info: abort:5, commit:1, http:400, alloc:0, recv:7, send:10, tcpe:0, tcpr:0)
[2026-06-28 08:58:57.727] [DISPLAY] [http1] [idownloader] Completed download of 'https://gamedownloads-rockstargames-com.akamaized.net/public/launcher_online_config.xml' (status: 4/400)
[2026-06-28 08:58:57.746] [DISPLAY] [Workr] [marketing_promo] No promotion manifest in memory, refreshing from cloud.
[2026-06-28 08:58:57.746] [DISPLAY] [Workr] [marketing_promo] Requesting new manifest
[2026-06-28 08:58:57.746] [DISPLAY] [Workr] [titlemanager] Downloading title list...
[2026-06-28 08:58:57.746] [DISPLAY] [Workr] [titlemanager] Downloading default title list (SCS)...
[2026-06-28 08:58:57.746] [DISPLAY] [Workr] [idownloader] Starting download of 'https://rgl-prod.ros.rockstargames.com/launcher/11/LauncherServices/App.asmx/GetDefaultApps?accessToken='
[2026-06-28 08:58:57.746] [ ERROR ] [Workr] [idownloader] Download error for https://rgl-prod.ros.rockstargames.com/launcher/11/LauncherServices/App.asmx/GetDefaultApps?accessToken=
[2026-06-28 08:58:57.746] [ ERROR ] [Workr] [idownloader] Error: O serviço de atualização da Rockstar está indisponível (código 234). Se continuar tendo problemas ao iniciar o jogo, contate o Suporte ao Cliente da Rockstar Games em https://support.rockstargames.com/br/.
[2026-06-28 08:58:57.746] [ ERROR ] [Workr] [idownloader] Error code: 234 Result 400
[2026-06-28 08:58:57.746] [ ERROR ] [Workr] [idownloader] Http info: abort:5, commit:1, http:400, alloc:0, recv:7, send:10, tcpe:0, tcpr:0)
[2026-06-28 08:58:57.746] [DISPLAY] [Workr] [idownloader] Completed download of 'https://rgl-prod.ros.rockstargames.com/launcher/11/LauncherServices/App.asmx/GetDefaultApps?accessToken=' (status: 4/400)
[2026-06-28 08:58:57.746] [DISPLAY] [Workr] [idownloader] Starting download of 'https://rgl-prod.ros.rockstargames.com/launcher/11/LauncherServices/App.asmx/GetDefaultApps?accessToken='
[2026-06-28 08:58:57.746] [ ERROR ] [Workr] [idownloader] Download error for https://rgl-prod.ros.rockstargames.com/launcher/11/LauncherServices/App.asmx/GetDefaultApps?accessToken=
[2026-06-28 08:58:57.746] [ ERROR ] [Workr] [idownloader] Error: O serviço de atualização da Rockstar está indisponível (código 234). Se continuar tendo problemas ao iniciar o jogo, contate o Suporte ao Cliente da Rockstar Games em https://support.rockstargames.com/br/.
[2026-06-28 08:58:57.746] [ ERROR ] [Workr] [idownloader] Error code: 234 Result 400
[2026-06-28 08:58:57.746] [ ERROR ] [Workr] [idownloader] Http info: abort:5, commit:1, http:400, alloc:0, recv:7, send:10, tcpe:0, tcpr:0)
[2026-06-28 08:58:57.746] [DISPLAY] [Workr] [idownloader] Completed download of 'https://rgl-prod.ros.rockstargames.com/launcher/11/LauncherServices/App.asmx/GetDefaultApps?accessToken=' (status: 4/400)
[2026-06-28 08:58:57.746] [DISPLAY] [Workr] [idownloader] Starting download of 'https://rgl-prod.ros.rockstargames.com/launcher/11/LauncherServices/App.asmx/GetDefaultApps?accessToken='
[2026-06-28 08:58:57.746] [ ERROR ] [Workr] [idownloader] Download error for https://rgl-prod.ros.rockstargames.com/launcher/11/LauncherServices/App.asmx/GetDefaultApps?accessToken=
[2026-06-28 08:58:57.746] [ ERROR ] [Workr] [idownloader] Error: O serviço de atualização da Rockstar está indisponível (código 234). Se continuar tendo problemas ao iniciar o jogo, contate o Suporte ao Cliente da Rockstar Games em https://support.rockstargames.com/br/.
[2026-06-28 08:58:57.746] [ ERROR ] [Workr] [idownloader] Error code: 234 Result 400
[2026-06-28 08:58:57.746] [ ERROR ] [Workr] [idownloader] Http info: abort:5, commit:1, http:400, alloc:0, recv:7, send:10, tcpe:0, tcpr:0)
[2026-06-28 08:58:57.746] [DISPLAY] [Workr] [idownloader] Completed download of 'https://rgl-prod.ros.rockstargames.com/launcher/11/LauncherServices/App.asmx/GetDefaultApps?accessToken=' (status: 4/400)
[2026-06-28 08:58:57.746] [ ERROR ] [Workr] [error] ************************************************************************
[2026-06-28 08:58:57.746] [ ERROR ] [Workr] [error] * Setting error condition
[2026-06-28 08:58:57.746] [ ERROR ] [Workr] [error] * Category:  2   (ERROR_CATEGORY_DOWNLOADER)
[2026-06-28 08:58:57.746] [ ERROR ] [Workr] [error] * Code:      224 (DOWNLOADER_ERR_DOWNLOAD_XML_FAILED)
[2026-06-28 08:58:57.746] [ ERROR ] [Workr] [error] * Extra:     https://rgl-prod.ros.rockstargames.com/launcher/11/LauncherServices/App.asmx/GetDefaultApps?accessToken=
[2026-06-28 08:58:57.746] [ ERROR ] [Workr] [error] * Localised: O serviço de atualização da Rockstar está indisponível (código 224). Se continuar tendo problemas ao iniciar o jogo, contate o Suporte ao Cliente da Rockstar Games em https://support.rockstargames.com/br/.
[2026-06-28 08:58:57.746] [ ERROR ] [Workr] [error] ************************************************************************
[2026-06-28 08:58:57.746] [ ERROR ] [Workr] [xml] Unable to download XML from https://rgl-prod.ros.rockstargames.com/launcher/11/LauncherServices/App.asmx/GetDefaultApps?accessToken=!
[2026-06-28 08:58:57.746] [WARNING] [Workr] [launcher] Unable to download default title list; can't check for updates.
[2026-06-28 08:58:57.746] [DISPLAY] [Workr] [launcher] Completed Pre-initialization tasks
[2026-06-28 08:58:57.761] [DISPLAY] [Main ] [subsystem] Init phase 3
[2026-06-28 08:58:57.761] [DISPLAY] [Main ] [subsystem] RGL Offline Assets path: C:\Program Files\Rockstar Games\Launcher\offline.pak
[2026-06-28 08:58:57.761] [DISPLAY] [Main ] [subsystem] Intializing connection manager.
[2026-06-28 08:58:57.761] [DISPLAY] [Main ] [subsystem] Initializing RAGE networking.
[2026-06-28 08:58:57.987] [DISPLAY] [Workr] [dx11] Retrieving D3D11 device info
[2026-06-28 08:58:57.987] [DISPLAY] [Main ] [subsystem] Initializing group 2...
[2026-06-28 08:58:58.034] [DISPLAY] [Workr] [requirements] Retrieving system information
[2026-06-28 08:58:58.034] [DISPLAY] [Workr] [sysinfo] Getting available storage information
[2026-06-28 08:58:58.034] [DISPLAY] [Workr] [sysinfo] Checking disk mapping
[2026-06-28 08:58:58.104] [DISPLAY] [Workr] [sysinfo] Querying disk info
[2026-06-28 08:58:58.729] [DISPLAY] [Workr] [sysinfo] Getting video card
[2026-06-28 08:58:58.734] [DISPLAY] [Workr] [sysinfo] Reading vulkan version
[2026-06-28 08:58:58.740] [DISPLAY] [Workr] [dx12] Retrieving D3D12 graphics info
[2026-06-28 08:58:58.828] [DISPLAY] [Workr] [sysinfo] System Configuration: 
 CPU Info:
  ID: AMD64 Family 23 Model 96 Stepping 1
  Name: AMD Ryzen 5 4500 6-Core Processor              
  Clock Speed: 3.59 GHZ
  Physical Cores: 6
  Logical Cores: 12
  SSE 4.1: enabled
  SSE 4.2: enabled

 Disk 0 (C:\)
  Disk Type: NVMe
  Bytes Free: 49669967872
  Bytes Total: 254970687488

Memory Info:
 17179869184 B
 16 GB

 GPU 0
  Description: Radeon RX 570 Series
  Capacity (Bytes): 8531042304
  Display Capacity: 8.0 GB
[2026-06-28 08:58:58.830] [DISPLAY] [Workr] [fileutils] Could not enumerate files in folder 'C:\Users\pedro\AppData\Local\Rockstar Games\Launcher\IconCache', path not found.
[2026-06-28 08:58:59.332] [DISPLAY] [Main ] [sysinfo] Identified device Type: 0
[2026-06-28 08:58:59.469] [DISPLAY] [Main ] [launcher] Social Club UI has started.
[2026-06-28 08:58:59.469] [DISPLAY] [Main ] [fileutils] Checking version: C:\Program Files\Rockstar Games\Social Club\socialclub.dll
[2026-06-28 08:58:59.471] [DISPLAY] [Admin] [external] Setting up steam title: rdr2
[2026-06-28 08:58:59.493] [DISPLAY] [Admin] [external] Successfully setup title
[2026-06-28 08:58:59.521] [DISPLAY] [Main ] [external] Client is ready to attempt a launch.
[2026-06-28 08:58:59.556] [DISPLAY] [Main ] [scuicallbacks] Launch requested by user: rdr2, default
[2026-06-28 08:58:59.682] [DISPLAY] [Main ] [launcher] Presence Event - Signed In
[2026-06-28 08:58:59.682] [DISPLAY] [Main ] [launcher] User 'pedrinhobrjita' is now signed in
[2026-06-28 08:58:59.743] [DISPLAY] [Main ] [launcher] Time to start up: 2860 ms
[2026-06-28 08:58:59.747] [DISPLAY] [Main ] [systemtray] System tray: enabled
[2026-06-28 08:58:59.756] [DISPLAY] [Main ] [ui_window_controller] UiWindowController::SetContext: Invalid -> MainWindow
[2026-06-28 08:58:59.756] [DISPLAY] [Main ] [ui_window_controller] UiWindowController::SetState: Invalid -> WaitForBrowser
[2026-06-28 08:58:59.756] [DISPLAY] [Main ] [external] Attempting external title launch...
[2026-06-28 08:58:59.756] [DISPLAY] [Main ] [external] Attempting Steam launch. User is 'PEDRINHOBOLADINHO'
[2026-06-28 08:58:59.756] [DISPLAY] [Main ] [gamelaunch] Begin game launch: rdr2
[2026-06-28 08:58:59.756] [DISPLAY] [Main ] [gamelaunch] Flags: 11
[2026-06-28 08:58:59.756] [DISPLAY] [Main ] [gamelaunch] Path: C:\Program Files (x86)\Steam\steamapps\common\Red Dead Redemption 2
[2026-06-28 08:58:59.760] [DISPLAY] [Main ] [gamelaunch] Game launch is in offline mode
[2026-06-28 08:58:59.760] [DISPLAY] [Main ] [telemetrymanager] Secondary platform is set to: 2
[2026-06-28 08:58:59.760] [DISPLAY] [Main ] [ui_window_controller] UiWindowController::SetState: WaitForBrowser -> WaitForWindow
[2026-06-28 08:58:59.760] [DISPLAY] [Main ] [ui_window_controller] UiWindowController::SetState: WaitForWindow -> Active
[2026-06-28 08:58:59.760] [DISPLAY] [Main ] [ui_mainwindow] Using DPI 96,96
[2026-06-28 08:58:59.760] [DISPLAY] [Main ] [ui_mainwindow] Using UI Scale: 1.00
[2026-06-28 08:58:59.762] [DISPLAY] [Main ] [ui_mainwindow] Using saved geometry: 327,247 (1266 x 600)
[2026-06-28 08:59:00.065] [DISPLAY] [13904] [gamelaunch] Launch Folder: C:\Program Files (x86)\Steam\steamapps\common\Red Dead Redemption 2
[2026-06-28 08:59:00.065] [DISPLAY] [13904] [gamelaunch] Launch Path: C:\Program Files (x86)\Steam\steamapps\common\Red Dead Redemption 2\RDR2.exe
[2026-06-28 08:59:00.065] [DISPLAY] [13904] [fileutils] Checking version: C:\Program Files (x86)\Steam\steamapps\common\Red Dead Redemption 2\RDR2.exe
[2026-06-28 08:59:00.127] [DISPLAY] [13904] [fileutils] Checking version: C:\Program Files\Rockstar Games\Social Club\socialclub.dll
[2026-06-28 08:59:00.771] [DISPLAY] [net2 ] [audio] Valid Audio Device: true
[2026-06-28 08:59:00.822] [DISPLAY] [13904] [gamelaunch] Launching game...
[2026-06-28 08:59:00.822] [DISPLAY] [13904] [gamelaunch]  Path: C:\Program Files (x86)\Steam\steamapps\common\Red Dead Redemption 2\RDR2.exe
[2026-06-28 08:59:00.822] [DISPLAY] [13904] [gamelaunch]  Command Line: "C:\Program Files (x86)\Steam\steamapps\common\Red Dead Redemption 2\RDR2.exe" -skipPatcherCheck -steamLocation "C:\Program Files (x86)\Steam\steamapps\common\Red Dead Redemption 2" @args.txt -enableCrashpad -useSteam -steamAppId=1174180 -scOfflineOnly @commandline.txt -fromRGL -scDiscordClientId=643897785271189524 -rglLanguage=pt-BR
[2026-06-28 08:59:00.822] [DISPLAY] [13904] [gamelaunch]  Working Directory: C:\Program Files (x86)\Steam\steamapps\common\Red Dead Redemption 2
[2026-06-28 09:58:57.807] [DISPLAY] [http1] [idownloader] Starting download of 'https://gamedownloads-rockstargames-com.akamaized.net/public/launcher_online_config.xml'
[2026-06-28 09:58:57.924] [ ERROR ] [http1] [idownloader] Download error for https://gamedownloads-rockstargames-com.akamaized.net/public/launcher_online_config.xml
[2026-06-28 09:58:57.924] [ ERROR ] [http1] [idownloader] Error: O serviço de atualização da Rockstar está indisponível (código 234). Se continuar tendo problemas ao iniciar o jogo, contate o Suporte ao Cliente da Rockstar Games em https://support.rockstargames.com/br/.
[2026-06-28 09:58:57.924] [ ERROR ] [http1] [idownloader] Error code: 234 Result 400
[2026-06-28 09:58:57.924] [ ERROR ] [http1] [idownloader] Http info: abort:5, commit:1, http:400, alloc:0, recv:7, send:10, tcpe:0, tcpr:0)
[2026-06-28 09:58:57.924] [DISPLAY] [http1] [idownloader] Completed download of 'https://gamedownloads-rockstargames-com.akamaized.net/public/launcher_online_config.xml' (status: 4/400)
[2026-06-28 10:13:36.992] [DISPLAY] [13904] [gamelaunch] Game exited with code 0x0 (0)
[2026-06-28 10:13:37.005] [DISPLAY] [13904] [crashdetection] Reading game exit file...
[2026-06-28 10:13:37.005] [DISPLAY] [13904] [crashdetection] Updating exit code: 0x00000000
[2026-06-28 10:13:37.005] [WARNING] [13904] [crashdetection] Not found: ERROR_FILE_HASH
[2026-06-28 10:13:37.005] [DISPLAY] [13904] [crashdetection] No additional error information found.
[2026-06-28 10:13:37.005] [WARNING] [13904] [crashdetection] Not found: ERROR_MESSAGE
[2026-06-28 10:13:37.005] [DISPLAY] [13904] [crashdetection] No additional error message found.
[2026-06-28 10:13:37.005] [DISPLAY] [13904] [crashdetection] Deleting game exit file...
[2026-06-28 10:13:37.005] [DISPLAY] [13904] [crashdetection] Exit code 0x0 indicates a clean game shutdown
[2026-06-28 10:13:37.115] [DISPLAY] [13904] [launcher] Shutdown requested! Forced: false
[2026-06-28 10:13:37.135] [DISPLAY] [Main ] [launcher] StartShutdown - Now in progress
[2026-06-28 10:13:37.135] [DISPLAY] [Main ] [launcher] SHUTDOWN_REQUESTED -> SHUTDOWN_MAIN_WINDOW
[2026-06-28 10:13:37.135] [DISPLAY] [Main ] [launcher] SHUTDOWN_MAIN_WINDOW -> SHUTDOWN_STARTUP_WINDOW
[2026-06-28 10:13:37.135] [DISPLAY] [Main ] [launcher] SHUTDOWN_STARTUP_WINDOW -> SHUTDOWN_NOTIFICATION_MANAGER
[2026-06-28 10:13:37.135] [DISPLAY] [Main ] [launcher] SHUTDOWN_NOTIFICATION_MANAGER -> SHUTDOWN_GAME_LAUNCHER
[2026-06-28 10:13:37.135] [DISPLAY] [Main ] [launcher] SHUTDOWN_GAME_LAUNCHER -> SHUTDOWN_WINDOW_CONTROLLER
[2026-06-28 10:13:37.245] [DISPLAY] [Main ] [launcher] SHUTDOWN_WINDOW_CONTROLLER -> SHUTDOWN_STOP_WORKER_THREADS
[2026-06-28 10:13:37.245] [DISPLAY] [Main ] [launcher] SHUTDOWN_STOP_WORKER_THREADS -> SHUTDOWN_TITLES
[2026-06-28 10:13:37.245] [DISPLAY] [Main ] [launcher] SHUTDOWN_TITLES -> SHUTDOWN_DISK
[2026-06-28 10:13:37.245] [DISPLAY] [Main ] [launcher] SHUTDOWN_DISK -> SHUTDOWN_BACKGROUND_SERVICE
[2026-06-28 10:13:37.245] [DISPLAY] [Main ] [launcher] SHUTDOWN_BACKGROUND_SERVICE -> SHUTDOWN_TELEMETRY
[2026-06-28 10:13:37.245] [DISPLAY] [Main ] [launcher] SHUTDOWN_TELEMETRY -> SHUTDOWN_CACHED_REQUEST_MANAGER
[2026-06-28 10:13:37.245] [DISPLAY] [Main ] [launcher] SHUTDOWN_CACHED_REQUEST_MANAGER -> SHUTDOWN_SETTINGS_MANAGER
[2026-06-28 10:13:37.245] [DISPLAY] [Main ] [launcher] SHUTDOWN_SETTINGS_MANAGER -> SHUTDOWN_SDK
[2026-06-28 10:13:37.245] [DISPLAY] [Main ] [launcher] SHUTDOWN_SDK -> SHUTDOWN_PRESENCE
[2026-06-28 10:13:37.245] [DISPLAY] [Main ] [launcher] SHUTDOWN_PRESENCE -> SHUTDOWN_SUBSYSTEMS
[2026-06-28 10:13:37.245] [DISPLAY] [Main ] [launcher] SHUTDOWN_SUBSYSTEMS -> SHUTDOWN_IN_PROGRESS
[2026-06-28 10:13:37.245] [DISPLAY] [Main ] [launcher] Telemetry flushed
[2026-06-28 10:13:37.245] [DISPLAY] [Main ] [launcher] Window destroyed
[2026-06-28 10:13:37.245] [DISPLAY] [Main ] [launcher] SDK ready for shutdown
[2026-06-28 10:13:37.245] [DISPLAY] [Main ] [launcher] Notifications cleared
[2026-06-28 10:13:37.245] [DISPLAY] [Main ] [launcher] No games running
[2026-06-28 10:13:37.262] [DISPLAY] [Main ] [launcher] Worker Threads shutdown
[2026-06-28 10:13:37.329] [DISPLAY] [Main ] [launcher] Title state flushed
[2026-06-28 10:13:37.329] [DISPLAY] [Main ] [launcher] Disk state flushed
[2026-06-28 10:13:37.329] [DISPLAY] [Main ] [launcher] Cached Requests cleared
[2026-06-28 10:13:37.329] [DISPLAY] [Main ] [launcher] Settings saved
[2026-06-28 10:13:37.329] [DISPLAY] [Main ] [launcher] Presence signed out
[2026-06-28 10:13:37.329] [DISPLAY] [Main ] [launcher] All subsystems have shut down
[2026-06-28 10:13:37.329] [DISPLAY] [Main ] [launcher] SHUTDOWN_IN_PROGRESS -> SHUTDOWN_COMPLETE
[2026-06-28 10:13:37.329] [DISPLAY] [Main ] [app] Application quit requested (exit code: 0)
[2026-06-28 10:13:37.329] [DISPLAY] [Main ] [launcher] SHUTDOWN_COMPLETE -> SHUTDOWN_EXITING
[2026-06-28 10:13:37.377] [DISPLAY] [Main ] [svc] Stopping the background service.
