[2026-06-25 22:31:57.510] [DISPLAY] [Main ] [fileutils] Checking version: C:\Program Files\Rockstar Games\Launcher\Launcher.exe
[2026-06-25 22:31:57.516] [DISPLAY] [Main ] [sysinfo] Getting video card
[2026-06-25 22:31:57.521] [DISPLAY] [Main ] [sysinfo] Reading vulkan version
[2026-06-25 22:31:57.528] [DISPLAY] [Main ] [dx12] Retrieving D3D12 graphics info
[2026-06-25 22:31:57.654] [DISPLAY] [Main ] [launcher] Opening log file.
[2026-06-25 22:31:57.659] [DISPLAY] [Main ] [startupinfo] Command line: "C:\Program Files\Rockstar Games\Launcher\Launcher.exe" -skipPatcherCheck -steamAppId=1174180 -steamLocation "C:\Program Files (x86)\Steam\steamapps\common\Red Dead Redemption 2" @args.txt
[2026-06-25 22:31:57.659] [DISPLAY] [Main ] [startupinfo] P4 Version: Change 68534708
[2026-06-25 22:31:57.659] [DISPLAY] [Main ] [startupinfo] RGL Branch: release_rhf43f
[2026-06-25 22:31:57.659] [DISPLAY] [Main ] [startupinfo] Version:    1.0.107.2944
[2026-06-25 22:31:57.659] [DISPLAY] [Main ] [startupinfo] Process ID:    412
[2026-06-25 22:31:57.659] [DISPLAY] [Main ] [startupinfo] Session ID:    38405801-a11f-1217-a5fe-d09aa3369656
[2026-06-25 22:31:57.659] [DISPLAY] [Main ] [startupinfo] Name Hash:     A96E3820
[2026-06-25 22:31:57.659] [DISPLAY] [Main ] [startupinfo] Parameters:
[2026-06-25 22:31:57.659] [DISPLAY] [Main ] [startupinfo]     C:\Program Files\Rockstar Games\Launcher\Launcher.exe
[2026-06-25 22:31:57.659] [DISPLAY] [Main ] [startupinfo]     -skipPatcherCheck
[2026-06-25 22:31:57.659] [DISPLAY] [Main ] [startupinfo]     -steamAppId=1174180
[2026-06-25 22:31:57.659] [DISPLAY] [Main ] [startupinfo]     -steamLocation
[2026-06-25 22:31:57.659] [DISPLAY] [Main ] [startupinfo]     C:\Program Files (x86)\Steam\steamapps\common\Red Dead Redemption 2
[2026-06-25 22:31:57.659] [DISPLAY] [Main ] [startupinfo]     @args.txt
[2026-06-25 22:31:57.659] [DISPLAY] [Main ] [startup] Initial Working Directory: C:\Program Files (x86)\Steam\steamapps\common\Red Dead Redemption 2
[2026-06-25 22:31:57.659] [DISPLAY] [Main ] [startup] Working directory: C:\Program Files\Rockstar Games\Launcher
[2026-06-25 22:31:57.660] [DISPLAY] [Main ] [packfile] Initialize 'Launcher.rpf' - succeeded
[2026-06-25 22:31:57.660] [DISPLAY] [Main ] [localisation] Language updated to: 5
[2026-06-25 22:31:57.699] [DISPLAY] [Main ] [external] Creating Steam min mode launch
[2026-06-25 22:31:57.704] [DISPLAY] [Main ] [external] Steam App Id: 1174180
[2026-06-25 22:31:57.704] [DISPLAY] [Main ] [external] Steam Location: C:\Program Files (x86)\Steam\steamapps\common\Red Dead Redemption 2
[2026-06-25 22:31:57.705] [DISPLAY] [Main ] [metadatamanager] Read external Steam metadata: rdr2
[2026-06-25 22:31:57.705] [DISPLAY] [Main ] [external] App: rdr2
[2026-06-25 22:31:57.715] [DISPLAY] [Main ] [environment] SetEnvironment: prod
[2026-06-25 22:31:57.718] [ ERROR ] [Main ] [fileutils] Failed to delete directory: C:\Users\pedro\OneDrive\Documents\Rockstar Games\Social Club\Titles\GTAV Enhanced
[2026-06-25 22:31:57.720] [ ERROR ] [Main ] [fileutils] Failed to delete directory: C:\Users\pedro\OneDrive\Documents\Rockstar Games\Social Club\Titles\GTA IV
[2026-06-25 22:31:57.720] [ ERROR ] [Main ] [fileutils] Failed to delete directory: C:\Users\pedro\OneDrive\Documents\Rockstar Games\GTAV Enhanced\User Music
[2026-06-25 22:31:57.721] [DISPLAY] [Main ] [subsystem] Init phase 1
[2026-06-25 22:31:57.721] [DISPLAY] [Main ] [fileutils] Checking version: C:\Program Files\Rockstar Games\Launcher\RockstarService.exe
[2026-06-25 22:31:57.723] [DISPLAY] [Main ] [svc] Service version: 1.0.107.2944 (1.0.107.2944)
[2026-06-25 22:31:57.724] [DISPLAY] [Main ] [svc] Starting service (attempt 1 / 3)...
[2026-06-25 22:31:57.732] [DISPLAY] [Main ] [titlestorage] Installed titles:
[2026-06-25 22:31:57.732] [DISPLAY] [Main ] [titlestorage]  Title                             Progress               Version              Location                                                    
[2026-06-25 22:31:57.732] [DISPLAY] [Main ] [preqmanager] Could not get preq list from disk; no preqs known to be installed.
[2026-06-25 22:31:57.747] [DISPLAY] [Main ] [marketing_promo] Promotions view key available
[2026-06-25 22:31:57.747] [DISPLAY] [Main ] [subsystem] Initializing group 0...
[2026-06-25 22:31:57.747] [DISPLAY] [Main ] [subsystem] Init phase 2
[2026-06-25 22:31:57.747] [DISPLAY] [Main ] [subsystem] Starting systems...
[2026-06-25 22:31:57.811] [DISPLAY] [Main ] [minmode] Overriding language from external game launch: pt-BR
[2026-06-25 22:31:57.811] [DISPLAY] [Main ] [localisation] Language updated to: 5
[2026-06-25 22:31:57.811] [DISPLAY] [Main ] [subsystem] Starting diag...
[2026-06-25 22:31:57.811] [DISPLAY] [Main ] [fileutils] Checking local versions...
[2026-06-25 22:31:57.811] [DISPLAY] [Main ] [fileutils] Checking version: C:\Program Files\Rockstar Games\Social Club\socialclub.dll
[2026-06-25 22:31:57.812] [DISPLAY] [Main ] [fileutils] Checking RGL version...
[2026-06-25 22:31:57.812] [DISPLAY] [Main ] [fileutils] Version: 2.4.0.216 | 1.0.107.2944 | FFP
[2026-06-25 22:31:57.812] [DISPLAY] [Main ] [subsystem] Starting net...
[2026-06-25 22:31:57.831] [DISPLAY] [Main ] [subsystem] Assigning pools...
[2026-06-25 22:31:57.831] [DISPLAY] [Main ] [subsystem] Initializing engine...
[2026-06-25 22:31:57.831] [DISPLAY] [Main ] [subsystem] Initializing group 1...
[2026-06-25 22:31:57.842] [DISPLAY] [Workr] [selfupdate] Up-to-date.
[2026-06-25 22:31:57.997] [DISPLAY] [Main ] [systemtray] System tray: enabled
[2026-06-25 22:31:58.002] [DISPLAY] [Main ] [launcher] Passed check: majorVersion(10.0.26200) >= 10
[2026-06-25 22:31:58.042] [DISPLAY] [Main ] [svc] Connected to service (412 -> 14304)
[2026-06-25 22:31:58.112] [DISPLAY] [bgsvc] [svc] Received response from service.
[2026-06-25 22:31:58.112] [DISPLAY] [bgsvc] [svc] Handshake received from service.
[2026-06-25 22:31:58.182] [DISPLAY] [http1] [idownloader] Starting download of 'https://gamedownloads-rockstargames-com.akamaized.net/public/launcher_online_config.xml'
[2026-06-25 22:31:58.185] [ ERROR ] [http1] [idownloader] Download error for https://gamedownloads-rockstargames-com.akamaized.net/public/launcher_online_config.xml
[2026-06-25 22:31:58.185] [ ERROR ] [http1] [idownloader] Error: O serviço de atualização da Rockstar está indisponível (código 234). Se continuar tendo problemas ao iniciar o jogo, contate o Suporte ao Cliente da Rockstar Games em https://support.rockstargames.com/br/.
[2026-06-25 22:31:58.185] [ ERROR ] [http1] [idownloader] Error code: 234 Result 400
[2026-06-25 22:31:58.185] [ ERROR ] [http1] [idownloader] Http info: abort:5, commit:1, http:400, alloc:0, recv:7, send:10, tcpe:0, tcpr:0)
[2026-06-25 22:31:58.185] [DISPLAY] [http1] [idownloader] Completed download of 'https://gamedownloads-rockstargames-com.akamaized.net/public/launcher_online_config.xml' (status: 4/400)
[2026-06-25 22:31:58.214] [DISPLAY] [Workr] [marketing_promo] No promotion manifest in memory, refreshing from cloud.
[2026-06-25 22:31:58.214] [DISPLAY] [Workr] [marketing_promo] Requesting new manifest
[2026-06-25 22:31:58.214] [DISPLAY] [Workr] [titlemanager] Downloading title list...
[2026-06-25 22:31:58.214] [DISPLAY] [Workr] [titlemanager] Downloading default title list (SCS)...
[2026-06-25 22:31:58.214] [DISPLAY] [Workr] [idownloader] Starting download of 'https://rgl-prod.ros.rockstargames.com/launcher/11/LauncherServices/App.asmx/GetDefaultApps?accessToken='
[2026-06-25 22:31:58.214] [ ERROR ] [Workr] [idownloader] Download error for https://rgl-prod.ros.rockstargames.com/launcher/11/LauncherServices/App.asmx/GetDefaultApps?accessToken=
[2026-06-25 22:31:58.214] [ ERROR ] [Workr] [idownloader] Error: O serviço de atualização da Rockstar está indisponível (código 234). Se continuar tendo problemas ao iniciar o jogo, contate o Suporte ao Cliente da Rockstar Games em https://support.rockstargames.com/br/.
[2026-06-25 22:31:58.214] [ ERROR ] [Workr] [idownloader] Error code: 234 Result 400
[2026-06-25 22:31:58.214] [ ERROR ] [Workr] [idownloader] Http info: abort:5, commit:1, http:400, alloc:0, recv:7, send:10, tcpe:0, tcpr:0)
[2026-06-25 22:31:58.214] [DISPLAY] [Workr] [idownloader] Completed download of 'https://rgl-prod.ros.rockstargames.com/launcher/11/LauncherServices/App.asmx/GetDefaultApps?accessToken=' (status: 4/400)
[2026-06-25 22:31:58.214] [DISPLAY] [Workr] [idownloader] Starting download of 'https://rgl-prod.ros.rockstargames.com/launcher/11/LauncherServices/App.asmx/GetDefaultApps?accessToken='
[2026-06-25 22:31:58.214] [ ERROR ] [Workr] [idownloader] Download error for https://rgl-prod.ros.rockstargames.com/launcher/11/LauncherServices/App.asmx/GetDefaultApps?accessToken=
[2026-06-25 22:31:58.214] [ ERROR ] [Workr] [idownloader] Error: O serviço de atualização da Rockstar está indisponível (código 234). Se continuar tendo problemas ao iniciar o jogo, contate o Suporte ao Cliente da Rockstar Games em https://support.rockstargames.com/br/.
[2026-06-25 22:31:58.214] [ ERROR ] [Workr] [idownloader] Error code: 234 Result 400
[2026-06-25 22:31:58.214] [ ERROR ] [Workr] [idownloader] Http info: abort:5, commit:1, http:400, alloc:0, recv:7, send:10, tcpe:0, tcpr:0)
[2026-06-25 22:31:58.214] [DISPLAY] [Workr] [idownloader] Completed download of 'https://rgl-prod.ros.rockstargames.com/launcher/11/LauncherServices/App.asmx/GetDefaultApps?accessToken=' (status: 4/400)
[2026-06-25 22:31:58.214] [DISPLAY] [Workr] [idownloader] Starting download of 'https://rgl-prod.ros.rockstargames.com/launcher/11/LauncherServices/App.asmx/GetDefaultApps?accessToken='
[2026-06-25 22:31:58.216] [ ERROR ] [Workr] [idownloader] Download error for https://rgl-prod.ros.rockstargames.com/launcher/11/LauncherServices/App.asmx/GetDefaultApps?accessToken=
[2026-06-25 22:31:58.216] [ ERROR ] [Workr] [idownloader] Error: O serviço de atualização da Rockstar está indisponível (código 234). Se continuar tendo problemas ao iniciar o jogo, contate o Suporte ao Cliente da Rockstar Games em https://support.rockstargames.com/br/.
[2026-06-25 22:31:58.216] [ ERROR ] [Workr] [idownloader] Error code: 234 Result 400
[2026-06-25 22:31:58.216] [ ERROR ] [Workr] [idownloader] Http info: abort:5, commit:1, http:400, alloc:0, recv:7, send:10, tcpe:0, tcpr:0)
[2026-06-25 22:31:58.216] [DISPLAY] [Workr] [idownloader] Completed download of 'https://rgl-prod.ros.rockstargames.com/launcher/11/LauncherServices/App.asmx/GetDefaultApps?accessToken=' (status: 4/400)
[2026-06-25 22:31:58.216] [ ERROR ] [Workr] [error] ************************************************************************
[2026-06-25 22:31:58.216] [ ERROR ] [Workr] [error] * Setting error condition
[2026-06-25 22:31:58.216] [ ERROR ] [Workr] [error] * Category:  2   (ERROR_CATEGORY_DOWNLOADER)
[2026-06-25 22:31:58.216] [ ERROR ] [Workr] [error] * Code:      224 (DOWNLOADER_ERR_DOWNLOAD_XML_FAILED)
[2026-06-25 22:31:58.216] [ ERROR ] [Workr] [error] * Extra:     https://rgl-prod.ros.rockstargames.com/launcher/11/LauncherServices/App.asmx/GetDefaultApps?accessToken=
[2026-06-25 22:31:58.216] [ ERROR ] [Workr] [error] * Localised: O serviço de atualização da Rockstar está indisponível (código 224). Se continuar tendo problemas ao iniciar o jogo, contate o Suporte ao Cliente da Rockstar Games em https://support.rockstargames.com/br/.
[2026-06-25 22:31:58.216] [ ERROR ] [Workr] [error] ************************************************************************
[2026-06-25 22:31:58.216] [ ERROR ] [Workr] [xml] Unable to download XML from https://rgl-prod.ros.rockstargames.com/launcher/11/LauncherServices/App.asmx/GetDefaultApps?accessToken=!
[2026-06-25 22:31:58.216] [WARNING] [Workr] [launcher] Unable to download default title list; can't check for updates.
[2026-06-25 22:31:58.216] [DISPLAY] [Workr] [launcher] Completed Pre-initialization tasks
[2026-06-25 22:31:58.234] [DISPLAY] [Main ] [subsystem] Init phase 3
[2026-06-25 22:31:58.234] [DISPLAY] [Main ] [subsystem] RGL Offline Assets path: C:\Program Files\Rockstar Games\Launcher\offline.pak
[2026-06-25 22:31:58.234] [DISPLAY] [Main ] [subsystem] Intializing connection manager.
[2026-06-25 22:31:58.234] [DISPLAY] [Main ] [subsystem] Initializing RAGE networking.
[2026-06-25 22:31:58.328] [DISPLAY] [Workr] [dx11] Retrieving D3D11 device info
[2026-06-25 22:31:58.329] [DISPLAY] [Main ] [subsystem] Initializing group 2...
[2026-06-25 22:31:58.376] [DISPLAY] [Workr] [requirements] Retrieving system information
[2026-06-25 22:31:58.376] [DISPLAY] [Workr] [sysinfo] Getting available storage information
[2026-06-25 22:31:58.377] [DISPLAY] [Workr] [sysinfo] Checking disk mapping
[2026-06-25 22:31:58.514] [DISPLAY] [Workr] [sysinfo] Querying disk info
[2026-06-25 22:31:58.598] [DISPLAY] [Workr] [sysinfo] Getting video card
[2026-06-25 22:31:58.608] [DISPLAY] [Workr] [sysinfo] Reading vulkan version
[2026-06-25 22:31:58.615] [DISPLAY] [Workr] [dx12] Retrieving D3D12 graphics info
[2026-06-25 22:31:58.725] [DISPLAY] [Workr] [sysinfo] System Configuration: 
 CPU Info:
  ID: AMD64 Family 23 Model 96 Stepping 1
  Name: AMD Ryzen 5 4500 6-Core Processor              
  Clock Speed: 3.59 GHZ
  Physical Cores: 6
  Logical Cores: 12
  SSE 4.1: enabled
  SSE 4.2: enabled

 Disk 0 (C:\)
  Disk Type: NVMe
  Bytes Free: 78135824384
  Bytes Total: 254970687488

Memory Info:
 17179869184 B
 16 GB

 GPU 0
  Description: Radeon RX 570 Series
  Capacity (Bytes): 8531042304
  Display Capacity: 8.0 GB
[2026-06-25 22:31:58.725] [DISPLAY] [Workr] [fileutils] Could not enumerate files in folder 'C:\Users\pedro\AppData\Local\Rockstar Games\Launcher\IconCache', path not found.
[2026-06-25 22:31:59.075] [DISPLAY] [Main ] [sysinfo] Identified device Type: 0
[2026-06-25 22:31:59.211] [DISPLAY] [Main ] [launcher] Social Club UI has started.
[2026-06-25 22:31:59.211] [DISPLAY] [Main ] [fileutils] Checking version: C:\Program Files\Rockstar Games\Social Club\socialclub.dll
[2026-06-25 22:31:59.212] [DISPLAY] [Admin] [external] Setting up steam title: rdr2
[2026-06-25 22:31:59.234] [DISPLAY] [Admin] [external] Successfully setup title
[2026-06-25 22:31:59.264] [DISPLAY] [Main ] [external] Client is ready to attempt a launch.
[2026-06-25 22:31:59.283] [DISPLAY] [Main ] [scuicallbacks] Launch requested by user: rdr2, default
[2026-06-25 22:31:59.414] [DISPLAY] [Main ] [launcher] Presence Event - Signed In
[2026-06-25 22:31:59.414] [DISPLAY] [Main ] [launcher] User 'pedrinhobrjita' is now signed in
[2026-06-25 22:31:59.467] [DISPLAY] [Main ] [launcher] Time to start up: 2008 ms
[2026-06-25 22:31:59.470] [DISPLAY] [Main ] [systemtray] System tray: enabled
[2026-06-25 22:31:59.480] [DISPLAY] [Main ] [ui_window_controller] UiWindowController::SetContext: Invalid -> MainWindow
[2026-06-25 22:31:59.480] [DISPLAY] [Main ] [ui_window_controller] UiWindowController::SetState: Invalid -> WaitForBrowser
[2026-06-25 22:31:59.480] [DISPLAY] [Main ] [external] Attempting external title launch...
[2026-06-25 22:31:59.480] [DISPLAY] [Main ] [external] Attempting Steam launch. User is 'PEDRINHOBOLADINHO'
[2026-06-25 22:31:59.480] [DISPLAY] [Main ] [gamelaunch] Begin game launch: rdr2
[2026-06-25 22:31:59.480] [DISPLAY] [Main ] [gamelaunch] Flags: 11
[2026-06-25 22:31:59.480] [DISPLAY] [Main ] [gamelaunch] Path: C:\Program Files (x86)\Steam\steamapps\common\Red Dead Redemption 2
[2026-06-25 22:31:59.484] [DISPLAY] [Main ] [gamelaunch] Game launch is in offline mode
[2026-06-25 22:31:59.484] [DISPLAY] [Main ] [telemetrymanager] Secondary platform is set to: 2
[2026-06-25 22:31:59.484] [DISPLAY] [Main ] [ui_window_controller] UiWindowController::SetState: WaitForBrowser -> WaitForWindow
[2026-06-25 22:31:59.484] [DISPLAY] [Main ] [ui_window_controller] UiWindowController::SetState: WaitForWindow -> Active
[2026-06-25 22:31:59.484] [DISPLAY] [Main ] [ui_mainwindow] Using DPI 96,96
[2026-06-25 22:31:59.484] [DISPLAY] [Main ] [ui_mainwindow] Using UI Scale: 1.00
[2026-06-25 22:31:59.486] [DISPLAY] [Main ] [ui_mainwindow] Using saved geometry: 323,243 (1274 x 600)
[2026-06-25 22:31:59.788] [DISPLAY] [ 7452] [gamelaunch] Launch Folder: C:\Program Files (x86)\Steam\steamapps\common\Red Dead Redemption 2
[2026-06-25 22:31:59.788] [DISPLAY] [ 7452] [gamelaunch] Launch Path: C:\Program Files (x86)\Steam\steamapps\common\Red Dead Redemption 2\RDR2.exe
[2026-06-25 22:31:59.788] [DISPLAY] [ 7452] [fileutils] Checking version: C:\Program Files (x86)\Steam\steamapps\common\Red Dead Redemption 2\RDR2.exe
[2026-06-25 22:31:59.858] [DISPLAY] [ 7452] [fileutils] Checking version: C:\Program Files\Rockstar Games\Social Club\socialclub.dll
[2026-06-25 22:32:00.377] [DISPLAY] [net4 ] [audio] Valid Audio Device: true
[2026-06-25 22:32:00.423] [DISPLAY] [ 7452] [gamelaunch] Launching game...
[2026-06-25 22:32:00.423] [DISPLAY] [ 7452] [gamelaunch]  Path: C:\Program Files (x86)\Steam\steamapps\common\Red Dead Redemption 2\RDR2.exe
[2026-06-25 22:32:00.423] [DISPLAY] [ 7452] [gamelaunch]  Command Line: "C:\Program Files (x86)\Steam\steamapps\common\Red Dead Redemption 2\RDR2.exe" -skipPatcherCheck -steamLocation "C:\Program Files (x86)\Steam\steamapps\common\Red Dead Redemption 2" @args.txt -enableCrashpad -useSteam -steamAppId=1174180 -scOfflineOnly @commandline.txt -fromRGL -scDiscordClientId=643897785271189524 -rglLanguage=pt-BR
[2026-06-25 22:32:00.423] [DISPLAY] [ 7452] [gamelaunch]  Working Directory: C:\Program Files (x86)\Steam\steamapps\common\Red Dead Redemption 2
[2026-06-25 22:42:23.751] [DISPLAY] [ 7452] [gamelaunch] Game exited with code 0x0 (0)
[2026-06-25 22:42:23.824] [DISPLAY] [ 7452] [crashdetection] Reading game exit file...
[2026-06-25 22:42:23.824] [DISPLAY] [ 7452] [crashdetection] Updating exit code: 0x00000000
[2026-06-25 22:42:23.824] [WARNING] [ 7452] [crashdetection] Not found: ERROR_FILE_HASH
[2026-06-25 22:42:23.824] [DISPLAY] [ 7452] [crashdetection] No additional error information found.
[2026-06-25 22:42:23.824] [WARNING] [ 7452] [crashdetection] Not found: ERROR_MESSAGE
[2026-06-25 22:42:23.824] [DISPLAY] [ 7452] [crashdetection] No additional error message found.
[2026-06-25 22:42:23.824] [DISPLAY] [ 7452] [crashdetection] Deleting game exit file...
[2026-06-25 22:42:23.824] [DISPLAY] [ 7452] [crashdetection] Exit code 0x0 indicates a clean game shutdown
[2026-06-25 22:42:23.874] [DISPLAY] [ 7452] [launcher] Shutdown requested! Forced: false
[2026-06-25 22:42:23.877] [DISPLAY] [Main ] [launcher] StartShutdown - Now in progress
[2026-06-25 22:42:23.877] [DISPLAY] [Main ] [launcher] SHUTDOWN_REQUESTED -> SHUTDOWN_MAIN_WINDOW
[2026-06-25 22:42:23.877] [DISPLAY] [Main ] [launcher] SHUTDOWN_MAIN_WINDOW -> SHUTDOWN_STARTUP_WINDOW
[2026-06-25 22:42:23.877] [DISPLAY] [Main ] [launcher] SHUTDOWN_STARTUP_WINDOW -> SHUTDOWN_NOTIFICATION_MANAGER
[2026-06-25 22:42:23.877] [DISPLAY] [Main ] [launcher] SHUTDOWN_NOTIFICATION_MANAGER -> SHUTDOWN_GAME_LAUNCHER
[2026-06-25 22:42:23.877] [DISPLAY] [Main ] [launcher] SHUTDOWN_GAME_LAUNCHER -> SHUTDOWN_WINDOW_CONTROLLER
[2026-06-25 22:42:23.988] [DISPLAY] [Main ] [launcher] SHUTDOWN_WINDOW_CONTROLLER -> SHUTDOWN_STOP_WORKER_THREADS
[2026-06-25 22:42:23.988] [DISPLAY] [Main ] [launcher] SHUTDOWN_STOP_WORKER_THREADS -> SHUTDOWN_TITLES
[2026-06-25 22:42:23.988] [DISPLAY] [Main ] [launcher] SHUTDOWN_TITLES -> SHUTDOWN_DISK
[2026-06-25 22:42:23.988] [DISPLAY] [Main ] [launcher] SHUTDOWN_DISK -> SHUTDOWN_BACKGROUND_SERVICE
[2026-06-25 22:42:23.988] [DISPLAY] [Main ] [launcher] SHUTDOWN_BACKGROUND_SERVICE -> SHUTDOWN_TELEMETRY
[2026-06-25 22:42:23.988] [DISPLAY] [Main ] [launcher] SHUTDOWN_TELEMETRY -> SHUTDOWN_CACHED_REQUEST_MANAGER
[2026-06-25 22:42:23.988] [DISPLAY] [Main ] [launcher] SHUTDOWN_CACHED_REQUEST_MANAGER -> SHUTDOWN_SETTINGS_MANAGER
[2026-06-25 22:42:23.988] [DISPLAY] [Main ] [launcher] SHUTDOWN_SETTINGS_MANAGER -> SHUTDOWN_SDK
[2026-06-25 22:42:23.988] [DISPLAY] [Main ] [launcher] SHUTDOWN_SDK -> SHUTDOWN_PRESENCE
[2026-06-25 22:42:23.988] [DISPLAY] [Main ] [launcher] SHUTDOWN_PRESENCE -> SHUTDOWN_SUBSYSTEMS
[2026-06-25 22:42:23.988] [DISPLAY] [Main ] [launcher] SHUTDOWN_SUBSYSTEMS -> SHUTDOWN_IN_PROGRESS
[2026-06-25 22:42:23.988] [DISPLAY] [Main ] [launcher] Telemetry flushed
[2026-06-25 22:42:23.988] [DISPLAY] [Main ] [launcher] Window destroyed
[2026-06-25 22:42:23.988] [DISPLAY] [Main ] [launcher] SDK ready for shutdown
[2026-06-25 22:42:23.988] [DISPLAY] [Main ] [launcher] Notifications cleared
[2026-06-25 22:42:23.988] [DISPLAY] [Main ] [launcher] No games running
[2026-06-25 22:42:24.005] [DISPLAY] [Main ] [launcher] Worker Threads shutdown
[2026-06-25 22:42:24.209] [DISPLAY] [Main ] [launcher] Title state flushed
[2026-06-25 22:42:24.209] [DISPLAY] [Main ] [launcher] Disk state flushed
[2026-06-25 22:42:24.209] [DISPLAY] [Main ] [launcher] Cached Requests cleared
[2026-06-25 22:42:24.209] [DISPLAY] [Main ] [launcher] Settings saved
[2026-06-25 22:42:24.209] [DISPLAY] [Main ] [launcher] Presence signed out
[2026-06-25 22:42:24.209] [DISPLAY] [Main ] [launcher] All subsystems have shut down
[2026-06-25 22:42:24.209] [DISPLAY] [Main ] [launcher] SHUTDOWN_IN_PROGRESS -> SHUTDOWN_COMPLETE
[2026-06-25 22:42:24.209] [DISPLAY] [Main ] [app] Application quit requested (exit code: 0)
[2026-06-25 22:42:24.209] [DISPLAY] [Main ] [launcher] SHUTDOWN_COMPLETE -> SHUTDOWN_EXITING
[2026-06-25 22:42:24.253] [DISPLAY] [Main ] [svc] Stopping the background service.
